<?xml version="1.0" encoding="UTF-8"?>
<testsuites>
  <testsuite name="/home/mariusz/mcp-php-server/tests/phpunit.xml" tests="119" assertions="293" errors="0" failures="0" skipped="19" time="0.593792">
    <testsuite name="Unit" tests="100" assertions="293" errors="0" failures="0" skipped="0" time="0.593792">
      <testsuite name="Tests\Unit\MCPServerHTTPTest" file="/home/mariusz/mcp-php-server/tests/Unit/MCPServerHTTPTest.php" tests="27" assertions="72" errors="0" failures="0" skipped="0" time="0.503321">
        <testcase name="testHelloToolReturnsGreeting" file="/home/mariusz/mcp-php-server/tests/Unit/MCPServerHTTPTest.php" line="47" class="Tests\Unit\MCPServerHTTPTest" classname="Tests.Unit.MCPServerHTTPTest" assertions="1" time="0.004710"/>
        <testcase name="testGetTimeReturnsCurrentTime" file="/home/mariusz/mcp-php-server/tests/Unit/MCPServerHTTPTest.php" line="59" class="Tests\Unit\MCPServerHTTPTest" classname="Tests.Unit.MCPServerHTTPTest" assertions="2" time="0.000455"/>
        <testcase name="testCalculateToolDivisionByZero" file="/home/mariusz/mcp-php-server/tests/Unit/MCPServerHTTPTest.php" line="90" class="Tests\Unit\MCPServerHTTPTest" classname="Tests.Unit.MCPServerHTTPTest" assertions="1" time="0.000191"/>
        <testcase name="testCalculateToolUnknownOperation" file="/home/mariusz/mcp-php-server/tests/Unit/MCPServerHTTPTest.php" line="101" class="Tests\Unit\MCPServerHTTPTest" classname="Tests.Unit.MCPServerHTTPTest" assertions="1" time="0.000183"/>
        <testcase name="testListFilesWithCurrentDirectory" file="/home/mariusz/mcp-php-server/tests/Unit/MCPServerHTTPTest.php" line="112" class="Tests\Unit\MCPServerHTTPTest" classname="Tests.Unit.MCPServerHTTPTest" assertions="4" time="0.000398"/>
        <testcase name="testListFilesWithSubdirectory" file="/home/mariusz/mcp-php-server/tests/Unit/MCPServerHTTPTest.php" line="122" class="Tests\Unit\MCPServerHTTPTest" classname="Tests.Unit.MCPServerHTTPTest" assertions="2" time="0.000291"/>
        <testcase name="testListFilesWithDefaultPath" file="/home/mariusz/mcp-php-server/tests/Unit/MCPServerHTTPTest.php" line="130" class="Tests\Unit\MCPServerHTTPTest" classname="Tests.Unit.MCPServerHTTPTest" assertions="1" time="0.000265"/>
        <testcase name="testReadFileWithValidFile" file="/home/mariusz/mcp-php-server/tests/Unit/MCPServerHTTPTest.php" line="137" class="Tests\Unit\MCPServerHTTPTest" classname="Tests.Unit.MCPServerHTTPTest" assertions="4" time="0.000231"/>
        <testcase name="testReadFileWithNonExistentFile" file="/home/mariusz/mcp-php-server/tests/Unit/MCPServerHTTPTest.php" line="147" class="Tests\Unit\MCPServerHTTPTest" classname="Tests.Unit.MCPServerHTTPTest" assertions="2" time="0.000459"/>
        <testcase name="testWriteFileCreatesAndReadsFile" file="/home/mariusz/mcp-php-server/tests/Unit/MCPServerHTTPTest.php" line="155" class="Tests\Unit\MCPServerHTTPTest" classname="Tests.Unit.MCPServerHTTPTest" assertions="3" time="0.000441"/>
        <testcase name="testSystemInfoReturnsValidInfo" file="/home/mariusz/mcp-php-server/tests/Unit/MCPServerHTTPTest.php" line="177" class="Tests\Unit\MCPServerHTTPTest" classname="Tests.Unit.MCPServerHTTPTest" assertions="5" time="0.000186"/>
        <testcase name="testJsonParseWithValidJson" file="/home/mariusz/mcp-php-server/tests/Unit/MCPServerHTTPTest.php" line="188" class="Tests\Unit\MCPServerHTTPTest" classname="Tests.Unit.MCPServerHTTPTest" assertions="4" time="0.000216"/>
        <testcase name="testJsonParseWithInvalidJson" file="/home/mariusz/mcp-php-server/tests/Unit/MCPServerHTTPTest.php" line="199" class="Tests\Unit\MCPServerHTTPTest" classname="Tests.Unit.MCPServerHTTPTest" assertions="1" time="0.000154"/>
        <testcase name="testGetWeatherWithValidCity" file="/home/mariusz/mcp-php-server/tests/Unit/MCPServerHTTPTest.php" line="207" class="Tests\Unit\MCPServerHTTPTest" classname="Tests.Unit.MCPServerHTTPTest" assertions="8" time="0.000189"/>
        <testcase name="testGetWeatherWithEmptyCity" file="/home/mariusz/mcp-php-server/tests/Unit/MCPServerHTTPTest.php" line="221" class="Tests\Unit\MCPServerHTTPTest" classname="Tests.Unit.MCPServerHTTPTest" assertions="1" time="0.000123"/>
        <testcase name="testHttpRequestWithEmptyUrl" file="/home/mariusz/mcp-php-server/tests/Unit/MCPServerHTTPTest.php" line="243" class="Tests\Unit\MCPServerHTTPTest" classname="Tests.Unit.MCPServerHTTPTest" assertions="1" time="0.000137"/>
        <testcase name="testExecuteUnknownToolThrowsException" file="/home/mariusz/mcp-php-server/tests/Unit/MCPServerHTTPTest.php" line="250" class="Tests\Unit\MCPServerHTTPTest" classname="Tests.Unit.MCPServerHTTPTest" assertions="2" time="0.000262"/>
        <testcase name="testFileOperationSecurityPreventsPathTraversal" file="/home/mariusz/mcp-php-server/tests/Unit/MCPServerHTTPTest.php" line="258" class="Tests\Unit\MCPServerHTTPTest" classname="Tests.Unit.MCPServerHTTPTest" assertions="2" time="0.000307"/>
        <testcase name="testToolExecutionFailureIsMonitored" file="/home/mariusz/mcp-php-server/tests/Unit/MCPServerHTTPTest.php" line="280" class="Tests\Unit\MCPServerHTTPTest" classname="Tests.Unit.MCPServerHTTPTest" assertions="2" time="0.001286"/>
        <testcase name="testGetToolsReturnsAllRegisteredTools" file="/home/mariusz/mcp-php-server/tests/Unit/MCPServerHTTPTest.php" line="27" class="Tests\Unit\MCPServerHTTPTest" classname="Tests.Unit.MCPServerHTTPTest" assertions="13" time="0.001066"/>
        <testcase name="testHelloToolWithDefaultName" file="/home/mariusz/mcp-php-server/tests/Unit/MCPServerHTTPTest.php" line="53" class="Tests\Unit\MCPServerHTTPTest" classname="Tests.Unit.MCPServerHTTPTest" assertions="1" time="0.000103"/>
        <testcase name="testToolExecutionIsMonitored" file="/home/mariusz/mcp-php-server/tests/Unit/MCPServerHTTPTest.php" line="267" class="Tests\Unit\MCPServerHTTPTest" classname="Tests.Unit.MCPServerHTTPTest" assertions="2" time="0.000149"/>
        <testcase name="testHttpRequestWithValidUrl" file="/home/mariusz/mcp-php-server/tests/Unit/MCPServerHTTPTest.php" line="228" class="Tests\Unit\MCPServerHTTPTest" classname="Tests.Unit.MCPServerHTTPTest" assertions="5" time="0.490961"/>
        <testsuite name="Tests\Unit\MCPServerHTTPTest::testCalculateTool" tests="4" assertions="4" errors="0" failures="0" skipped="0" time="0.000557">
          <testcase name="testCalculateTool with data set #0" file="/home/mariusz/mcp-php-server/tests/Unit/MCPServerHTTPTest.php" line="69" class="Tests\Unit\MCPServerHTTPTest" classname="Tests.Unit.MCPServerHTTPTest" assertions="1" time="0.000170"/>
          <testcase name="testCalculateTool with data set #1" file="/home/mariusz/mcp-php-server/tests/Unit/MCPServerHTTPTest.php" line="69" class="Tests\Unit\MCPServerHTTPTest" classname="Tests.Unit.MCPServerHTTPTest" assertions="1" time="0.000126"/>
          <testcase name="testCalculateTool with data set #2" file="/home/mariusz/mcp-php-server/tests/Unit/MCPServerHTTPTest.php" line="69" class="Tests\Unit\MCPServerHTTPTest" classname="Tests.Unit.MCPServerHTTPTest" assertions="1" time="0.000140"/>
          <testcase name="testCalculateTool with data set #3" file="/home/mariusz/mcp-php-server/tests/Unit/MCPServerHTTPTest.php" line="69" class="Tests\Unit\MCPServerHTTPTest" classname="Tests.Unit.MCPServerHTTPTest" assertions="1" time="0.000121"/>
        </testsuite>
      </testsuite>
      <testsuite name="Tests\Unit\Services\ToolRegistryTest" file="/home/mariusz/mcp-php-server/tests/Unit/Services/ToolRegistryTest.php" tests="6" assertions="13" errors="0" failures="0" skipped="0" time="0.002021">
        <testcase name="testGetToolsContainsRequiredFields" file="/home/mariusz/mcp-php-server/tests/Unit/Services/ToolRegistryTest.php" line="57" class="Tests\Unit\Services\ToolRegistryTest" classname="Tests.Unit.Services.ToolRegistryTest" assertions="3" time="0.000898"/>
        <testcase name="testGetTools" file="/home/mariusz/mcp-php-server/tests/Unit/Services/ToolRegistryTest.php" line="17" class="Tests\Unit\Services\ToolRegistryTest" classname="Tests.Unit.Services.ToolRegistryTest" assertions="2" time="0.000502"/>
        <testcase name="testExecuteToolThrowsExceptionForUnknownTool" file="/home/mariusz/mcp-php-server/tests/Unit/Services/ToolRegistryTest.php" line="38" class="Tests\Unit\Services\ToolRegistryTest" classname="Tests.Unit.Services.ToolRegistryTest" assertions="2" time="0.000122"/>
        <testcase name="testExecuteToolReturnsCorrectFormat" file="/home/mariusz/mcp-php-server/tests/Unit/Services/ToolRegistryTest.php" line="46" class="Tests\Unit\Services\ToolRegistryTest" classname="Tests.Unit.Services.ToolRegistryTest" assertions="1" time="0.000100"/>
        <testcase name="testHasTool" file="/home/mariusz/mcp-php-server/tests/Unit/Services/ToolRegistryTest.php" line="24" class="Tests\Unit\Services\ToolRegistryTest" classname="Tests.Unit.Services.ToolRegistryTest" assertions="4" time="0.000301"/>
        <testcase name="testExecuteTool" file="/home/mariusz/mcp-php-server/tests/Unit/Services/ToolRegistryTest.php" line="32" class="Tests\Unit\Services\ToolRegistryTest" classname="Tests.Unit.Services.ToolRegistryTest" assertions="1" time="0.000098"/>
      </testsuite>
      <testsuite name="Tests\Unit\ValueObjects\SystemInfoTest" file="/home/mariusz/mcp-php-server/tests/Unit/ValueObjects/SystemInfoTest.php" tests="2" assertions="16" errors="0" failures="0" skipped="0" time="0.000764">
        <testcase name="testSystemInfoToArray" file="/home/mariusz/mcp-php-server/tests/Unit/ValueObjects/SystemInfoTest.php" line="33" class="Tests\Unit\ValueObjects\SystemInfoTest" classname="Tests.Unit.ValueObjects.SystemInfoTest" assertions="11" time="0.000449"/>
        <testcase name="testSystemInfoCreation" file="/home/mariusz/mcp-php-server/tests/Unit/ValueObjects/SystemInfoTest.php" line="10" class="Tests\Unit\ValueObjects\SystemInfoTest" classname="Tests.Unit.ValueObjects.SystemInfoTest" assertions="5" time="0.000315"/>
      </testsuite>
      <testsuite name="Tests\Unit\ToolServiceTest" file="/home/mariusz/mcp-php-server/tests/Unit/ToolServiceTest.php" tests="24" assertions="61" errors="0" failures="0" skipped="0" time="0.010644">
        <testcase name="testToolExecutionFailureIsLogged" file="/home/mariusz/mcp-php-server/tests/Unit/ToolServiceTest.php" line="252" class="Tests\Unit\ToolServiceTest" classname="Tests.Unit.ToolServiceTest" assertions="5" time="0.003651"/>
        <testcase name="testListFilesWithCurrentDirectory" file="/home/mariusz/mcp-php-server/tests/Unit/ToolServiceTest.php" line="109" class="Tests\Unit\ToolServiceTest" classname="Tests.Unit.ToolServiceTest" assertions="4" time="0.000697"/>
        <testsuite name="Tests\Unit\ToolServiceTest::testCalculateTool" tests="4" assertions="4" errors="0" failures="0" skipped="0" time="0.000987">
          <testcase name="testCalculateTool with data set #0" file="/home/mariusz/mcp-php-server/tests/Unit/ToolServiceTest.php" line="66" class="Tests\Unit\ToolServiceTest" classname="Tests.Unit.ToolServiceTest" assertions="1" time="0.000316"/>
          <testcase name="testCalculateTool with data set #1" file="/home/mariusz/mcp-php-server/tests/Unit/ToolServiceTest.php" line="66" class="Tests\Unit\ToolServiceTest" classname="Tests.Unit.ToolServiceTest" assertions="1" time="0.000277"/>
          <testcase name="testCalculateTool with data set #2" file="/home/mariusz/mcp-php-server/tests/Unit/ToolServiceTest.php" line="66" class="Tests\Unit\ToolServiceTest" classname="Tests.Unit.ToolServiceTest" assertions="1" time="0.000187"/>
          <testcase name="testCalculateTool with data set #3" file="/home/mariusz/mcp-php-server/tests/Unit/ToolServiceTest.php" line="66" class="Tests\Unit\ToolServiceTest" classname="Tests.Unit.ToolServiceTest" assertions="1" time="0.000208"/>
        </testsuite>
        <testcase name="testHelloToolReturnsGreeting" file="/home/mariusz/mcp-php-server/tests/Unit/ToolServiceTest.php" line="28" class="Tests\Unit\ToolServiceTest" classname="Tests.Unit.ToolServiceTest" assertions="4" time="0.000260"/>
        <testcase name="testHelloToolWithDefaultName" file="/home/mariusz/mcp-php-server/tests/Unit/ToolServiceTest.php" line="40" class="Tests\Unit\ToolServiceTest" classname="Tests.Unit.ToolServiceTest" assertions="1" time="0.000161"/>
        <testcase name="testGetTimeReturnsCurrentTime" file="/home/mariusz/mcp-php-server/tests/Unit/ToolServiceTest.php" line="46" class="Tests\Unit\ToolServiceTest" classname="Tests.Unit.ToolServiceTest" assertions="2" time="0.000217"/>
        <testcase name="testGetTimeWithCustomFormat" file="/home/mariusz/mcp-php-server/tests/Unit/ToolServiceTest.php" line="53" class="Tests\Unit\ToolServiceTest" classname="Tests.Unit.ToolServiceTest" assertions="2" time="0.000265"/>
        <testcase name="testCalculateToolDivisionByZero" file="/home/mariusz/mcp-php-server/tests/Unit/ToolServiceTest.php" line="87" class="Tests\Unit\ToolServiceTest" classname="Tests.Unit.ToolServiceTest" assertions="1" time="0.000808"/>
        <testcase name="testCalculateToolUnknownOperation" file="/home/mariusz/mcp-php-server/tests/Unit/ToolServiceTest.php" line="98" class="Tests\Unit\ToolServiceTest" classname="Tests.Unit.ToolServiceTest" assertions="1" time="0.000217"/>
        <testcase name="testReadFileWithValidFile" file="/home/mariusz/mcp-php-server/tests/Unit/ToolServiceTest.php" line="119" class="Tests\Unit\ToolServiceTest" classname="Tests.Unit.ToolServiceTest" assertions="3" time="0.000267"/>
        <testcase name="testReadFileWithNonExistentFile" file="/home/mariusz/mcp-php-server/tests/Unit/ToolServiceTest.php" line="128" class="Tests\Unit\ToolServiceTest" classname="Tests.Unit.ToolServiceTest" assertions="2" time="0.000238"/>
        <testcase name="testWriteFileCreatesAndReadsFile" file="/home/mariusz/mcp-php-server/tests/Unit/ToolServiceTest.php" line="136" class="Tests\Unit\ToolServiceTest" classname="Tests.Unit.ToolServiceTest" assertions="1" time="0.000536"/>
        <testcase name="testSystemInfoReturnsValidInfo" file="/home/mariusz/mcp-php-server/tests/Unit/ToolServiceTest.php" line="152" class="Tests\Unit\ToolServiceTest" classname="Tests.Unit.ToolServiceTest" assertions="5" time="0.000321"/>
        <testcase name="testJsonParseWithValidJson" file="/home/mariusz/mcp-php-server/tests/Unit/ToolServiceTest.php" line="163" class="Tests\Unit\ToolServiceTest" classname="Tests.Unit.ToolServiceTest" assertions="4" time="0.000286"/>
        <testcase name="testJsonParseWithInvalidJson" file="/home/mariusz/mcp-php-server/tests/Unit/ToolServiceTest.php" line="174" class="Tests\Unit\ToolServiceTest" classname="Tests.Unit.ToolServiceTest" assertions="2" time="0.000314"/>
        <testcase name="testGetWeatherWithValidCity" file="/home/mariusz/mcp-php-server/tests/Unit/ToolServiceTest.php" line="183" class="Tests\Unit\ToolServiceTest" classname="Tests.Unit.ToolServiceTest" assertions="7" time="0.000539"/>
        <testcase name="testGetWeatherWithEmptyCity" file="/home/mariusz/mcp-php-server/tests/Unit/ToolServiceTest.php" line="196" class="Tests\Unit\ToolServiceTest" classname="Tests.Unit.ToolServiceTest" assertions="2" time="0.000165"/>
        <testcase name="testExecuteUnknownToolThrowsException" file="/home/mariusz/mcp-php-server/tests/Unit/ToolServiceTest.php" line="204" class="Tests\Unit\ToolServiceTest" classname="Tests.Unit.ToolServiceTest" assertions="2" time="0.000160"/>
        <testcase name="testExecuteDisabledToolThrowsException" file="/home/mariusz/mcp-php-server/tests/Unit/ToolServiceTest.php" line="212" class="Tests\Unit\ToolServiceTest" classname="Tests.Unit.ToolServiceTest" assertions="2" time="0.000155"/>
        <testcase name="testFileOperationSecurityPreventsPathTraversal" file="/home/mariusz/mcp-php-server/tests/Unit/ToolServiceTest.php" line="229" class="Tests\Unit\ToolServiceTest" classname="Tests.Unit.ToolServiceTest" assertions="2" time="0.000191"/>
        <testcase name="testToolExecutionIsLogged" file="/home/mariusz/mcp-php-server/tests/Unit/ToolServiceTest.php" line="238" class="Tests\Unit\ToolServiceTest" classname="Tests.Unit.ToolServiceTest" assertions="5" time="0.000208"/>
      </testsuite>
      <testsuite name="Tests\Unit\Tools\BraveSearchToolTest" file="/home/mariusz/mcp-php-server/tests/Unit/Tools/BraveSearchToolTest.php" tests="11" assertions="22" errors="0" failures="0" skipped="0" time="0.002197">
        <testcase name="testExecuteWithCountParameter" file="/home/mariusz/mcp-php-server/tests/Unit/Tools/BraveSearchToolTest.php" line="87" class="Tests\Unit\Tools\BraveSearchToolTest" classname="Tests.Unit.Tools.BraveSearchToolTest" assertions="1" time="0.000100"/>
        <testcase name="testGetName" file="/home/mariusz/mcp-php-server/tests/Unit/Tools/BraveSearchToolTest.php" line="17" class="Tests\Unit\Tools\BraveSearchToolTest" classname="Tests.Unit.Tools.BraveSearchToolTest" assertions="1" time="0.000520"/>
        <testcase name="testGetDescription" file="/home/mariusz/mcp-php-server/tests/Unit/Tools/BraveSearchToolTest.php" line="22" class="Tests\Unit\Tools\BraveSearchToolTest" classname="Tests.Unit.Tools.BraveSearchToolTest" assertions="1" time="0.000298"/>
        <testcase name="testGetSchema" file="/home/mariusz/mcp-php-server/tests/Unit/Tools/BraveSearchToolTest.php" line="27" class="Tests\Unit\Tools\BraveSearchToolTest" classname="Tests.Unit.Tools.BraveSearchToolTest" assertions="8" time="0.000347"/>
        <testcase name="testIsEnabled" file="/home/mariusz/mcp-php-server/tests/Unit/Tools/BraveSearchToolTest.php" line="41" class="Tests\Unit\Tools\BraveSearchToolTest" classname="Tests.Unit.Tools.BraveSearchToolTest" assertions="1" time="0.000116"/>
        <testcase name="testExecuteWithoutApiKey" file="/home/mariusz/mcp-php-server/tests/Unit/Tools/BraveSearchToolTest.php" line="46" class="Tests\Unit\Tools\BraveSearchToolTest" classname="Tests.Unit.Tools.BraveSearchToolTest" assertions="2" time="0.000171"/>
        <testcase name="testExecuteWithoutQuery" file="/home/mariusz/mcp-php-server/tests/Unit/Tools/BraveSearchToolTest.php" line="61" class="Tests\Unit\Tools\BraveSearchToolTest" classname="Tests.Unit.Tools.BraveSearchToolTest" assertions="2" time="0.000115"/>
        <testcase name="testExecuteWithEmptyQuery" file="/home/mariusz/mcp-php-server/tests/Unit/Tools/BraveSearchToolTest.php" line="69" class="Tests\Unit\Tools\BraveSearchToolTest" classname="Tests.Unit.Tools.BraveSearchToolTest" assertions="2" time="0.000123"/>
        <testcase name="testExecuteWithValidParameters" file="/home/mariusz/mcp-php-server/tests/Unit/Tools/BraveSearchToolTest.php" line="77" class="Tests\Unit\Tools\BraveSearchToolTest" classname="Tests.Unit.Tools.BraveSearchToolTest" assertions="2" time="0.000123"/>
        <testcase name="testCountParameterLimits" file="/home/mariusz/mcp-php-server/tests/Unit/Tools/BraveSearchToolTest.php" line="100" class="Tests\Unit\Tools\BraveSearchToolTest" classname="Tests.Unit.Tools.BraveSearchToolTest" assertions="1" time="0.000161"/>
        <testcase name="testDefaultCountParameter" file="/home/mariusz/mcp-php-server/tests/Unit/Tools/BraveSearchToolTest.php" line="114" class="Tests\Unit\Tools\BraveSearchToolTest" classname="Tests.Unit.Tools.BraveSearchToolTest" assertions="1" time="0.000123"/>
      </testsuite>
      <testsuite name="Tests\Unit\Interfaces\ToolInterfaceTest" file="/home/mariusz/mcp-php-server/tests/Unit/Interfaces/ToolInterfaceTest.php" tests="3" assertions="10" errors="0" failures="0" skipped="0" time="0.000538">
        <testcase name="testToolInterfaceMethodsExist" file="/home/mariusz/mcp-php-server/tests/Unit/Interfaces/ToolInterfaceTest.php" line="51" class="Tests\Unit\Interfaces\ToolInterfaceTest" classname="Tests.Unit.Interfaces.ToolInterfaceTest" assertions="5" time="0.000236"/>
        <testcase name="testToolExecution" file="/home/mariusz/mcp-php-server/tests/Unit/Interfaces/ToolInterfaceTest.php" line="60" class="Tests\Unit\Interfaces\ToolInterfaceTest" classname="Tests.Unit.Interfaces.ToolInterfaceTest" assertions="1" time="0.000128"/>
        <testcase name="testToolMetadata" file="/home/mariusz/mcp-php-server/tests/Unit/Interfaces/ToolInterfaceTest.php" line="66" class="Tests\Unit\Interfaces\ToolInterfaceTest" classname="Tests.Unit.Interfaces.ToolInterfaceTest" assertions="4" time="0.000174"/>
      </testsuite>
      <testsuite name="Tests\Unit\Services\SystemInfoCollectorTest" file="/home/mariusz/mcp-php-server/tests/Unit/Services/SystemInfoCollectorTest.php" tests="8" assertions="50" errors="0" failures="0" skipped="0" time="0.070117">
        <testcase name="testCollectContainsRequiredSections" file="/home/mariusz/mcp-php-server/tests/Unit/Services/SystemInfoCollectorTest.php" line="25" class="Tests\Unit\Services\SystemInfoCollectorTest" classname="Tests.Unit.Services.SystemInfoCollectorTest" assertions="5" time="0.009935"/>
        <testcase name="testPlatformInfo" file="/home/mariusz/mcp-php-server/tests/Unit/Services/SystemInfoCollectorTest.php" line="37" class="Tests\Unit\Services\SystemInfoCollectorTest" classname="Tests.Unit.Services.SystemInfoCollectorTest" assertions="7" time="0.007455"/>
        <testcase name="testCollectReturnsSystemInfoObject" file="/home/mariusz/mcp-php-server/tests/Unit/Services/SystemInfoCollectorTest.php" line="18" class="Tests\Unit\Services\SystemInfoCollectorTest" classname="Tests.Unit.Services.SystemInfoCollectorTest" assertions="1" time="0.008920"/>
        <testcase name="testPhpInfo" file="/home/mariusz/mcp-php-server/tests/Unit/Services/SystemInfoCollectorTest.php" line="54" class="Tests\Unit\Services\SystemInfoCollectorTest" classname="Tests.Unit.Services.SystemInfoCollectorTest" assertions="9" time="0.010110"/>
        <testcase name="testResourcesInfo" file="/home/mariusz/mcp-php-server/tests/Unit/Services/SystemInfoCollectorTest.php" line="73" class="Tests\Unit\Services\SystemInfoCollectorTest" classname="Tests.Unit.Services.SystemInfoCollectorTest" assertions="12" time="0.008964"/>
        <testcase name="testSecurityInfo" file="/home/mariusz/mcp-php-server/tests/Unit/Services/SystemInfoCollectorTest.php" line="98" class="Tests\Unit\Services\SystemInfoCollectorTest" classname="Tests.Unit.Services.SystemInfoCollectorTest" assertions="6" time="0.008218"/>
        <testcase name="testExtensionsArrayContainsImportantExtensions" file="/home/mariusz/mcp-php-server/tests/Unit/Services/SystemInfoCollectorTest.php" line="113" class="Tests\Unit\Services\SystemInfoCollectorTest" classname="Tests.Unit.Services.SystemInfoCollectorTest" assertions="8" time="0.007320"/>
        <testcase name="testSystemInfoToArray" file="/home/mariusz/mcp-php-server/tests/Unit/Services/SystemInfoCollectorTest.php" line="127" class="Tests\Unit\Services\SystemInfoCollectorTest" classname="Tests.Unit.Services.SystemInfoCollectorTest" assertions="2" time="0.009195"/>
      </testsuite>
      <testsuite name="Tests\Unit\Services\TemplateRendererTest" file="/home/mariusz/mcp-php-server/tests/Unit/Services/TemplateRendererTest.php" tests="6" assertions="10" errors="0" failures="0" skipped="0" time="0.002708">
        <testcase name="testExistsWithExistingTemplate" file="/home/mariusz/mcp-php-server/tests/Unit/Services/TemplateRendererTest.php" line="34" class="Tests\Unit\Services\TemplateRendererTest" classname="Tests.Unit.Services.TemplateRendererTest" assertions="1" time="0.000682"/>
        <testcase name="testExistsWithNonExistingTemplate" file="/home/mariusz/mcp-php-server/tests/Unit/Services/TemplateRendererTest.php" line="42" class="Tests\Unit\Services\TemplateRendererTest" classname="Tests.Unit.Services.TemplateRendererTest" assertions="1" time="0.000428"/>
        <testcase name="testRenderWithVariables" file="/home/mariusz/mcp-php-server/tests/Unit/Services/TemplateRendererTest.php" line="49" class="Tests\Unit\Services\TemplateRendererTest" classname="Tests.Unit.Services.TemplateRendererTest" assertions="1" time="0.000602"/>
        <testcase name="testRenderWithoutVariables" file="/home/mariusz/mcp-php-server/tests/Unit/Services/TemplateRendererTest.php" line="59" class="Tests\Unit\Services\TemplateRendererTest" classname="Tests.Unit.Services.TemplateRendererTest" assertions="1" time="0.000331"/>
        <testcase name="testRenderWithComplexTemplate" file="/home/mariusz/mcp-php-server/tests/Unit/Services/TemplateRendererTest.php" line="69" class="Tests\Unit\Services\TemplateRendererTest" classname="Tests.Unit.Services.TemplateRendererTest" assertions="4" time="0.000366"/>
        <testcase name="testRenderThrowsExceptionForNonExistentTemplate" file="/home/mariusz/mcp-php-server/tests/Unit/Services/TemplateRendererTest.php" line="93" class="Tests\Unit\Services\TemplateRendererTest" classname="Tests.Unit.Services.TemplateRendererTest" assertions="2" time="0.000300"/>
      </testsuite>
      <testsuite name="Tests\Unit\Tools\HelloToolTest" file="/home/mariusz/mcp-php-server/tests/Unit/Tools/HelloToolTest.php" tests="6" assertions="8" errors="0" failures="0" skipped="0" time="0.000562">
        <testcase name="testGetName" file="/home/mariusz/mcp-php-server/tests/Unit/Tools/HelloToolTest.php" line="17" class="Tests\Unit\Tools\HelloToolTest" classname="Tests.Unit.Tools.HelloToolTest" assertions="1" time="0.000085"/>
        <testcase name="testGetDescription" file="/home/mariusz/mcp-php-server/tests/Unit/Tools/HelloToolTest.php" line="22" class="Tests\Unit\Tools\HelloToolTest" classname="Tests.Unit.Tools.HelloToolTest" assertions="1" time="0.000066"/>
        <testcase name="testExecuteWithName" file="/home/mariusz/mcp-php-server/tests/Unit/Tools/HelloToolTest.php" line="27" class="Tests\Unit\Tools\HelloToolTest" classname="Tests.Unit.Tools.HelloToolTest" assertions="1" time="0.000112"/>
        <testcase name="testExecuteWithoutName" file="/home/mariusz/mcp-php-server/tests/Unit/Tools/HelloToolTest.php" line="33" class="Tests\Unit\Tools\HelloToolTest" classname="Tests.Unit.Tools.HelloToolTest" assertions="1" time="0.000107"/>
        <testcase name="testGetSchema" file="/home/mariusz/mcp-php-server/tests/Unit/Tools/HelloToolTest.php" line="39" class="Tests\Unit\Tools\HelloToolTest" classname="Tests.Unit.Tools.HelloToolTest" assertions="3" time="0.000098"/>
        <testcase name="testIsEnabled" file="/home/mariusz/mcp-php-server/tests/Unit/Tools/HelloToolTest.php" line="47" class="Tests\Unit\Tools\HelloToolTest" classname="Tests.Unit.Tools.HelloToolTest" assertions="1" time="0.000093"/>
      </testsuite>
      <testsuite name="Tests\Unit\ValueObjects\DiskInfoTest" file="/home/mariusz/mcp-php-server/tests/Unit/ValueObjects/DiskInfoTest.php" tests="4" assertions="19" errors="0" failures="0" skipped="0" time="0.000567">
        <testcase name="testDiskInfoCreation" file="/home/mariusz/mcp-php-server/tests/Unit/ValueObjects/DiskInfoTest.php" line="10" class="Tests\Unit\ValueObjects\DiskInfoTest" classname="Tests.Unit.ValueObjects.DiskInfoTest" assertions="4" time="0.000137"/>
        <testcase name="testDiskInfoToArray" file="/home/mariusz/mcp-php-server/tests/Unit/ValueObjects/DiskInfoTest.php" line="30" class="Tests\Unit\ValueObjects\DiskInfoTest" classname="Tests.Unit.ValueObjects.DiskInfoTest" assertions="8" time="0.000227"/>
        <testcase name="testDiskInfoWithPartialUsage" file="/home/mariusz/mcp-php-server/tests/Unit/ValueObjects/DiskInfoTest.php" line="57" class="Tests\Unit\ValueObjects\DiskInfoTest" classname="Tests.Unit.ValueObjects.DiskInfoTest" assertions="4" time="0.000104"/>
        <testcase name="testDiskInfoWithZeroUsage" file="/home/mariusz/mcp-php-server/tests/Unit/ValueObjects/DiskInfoTest.php" line="74" class="Tests\Unit\ValueObjects\DiskInfoTest" classname="Tests.Unit.ValueObjects.DiskInfoTest" assertions="3" time="0.000100"/>
      </testsuite>
      <testsuite name="Tests\Unit\ValueObjects\MemoryInfoTest" file="/home/mariusz/mcp-php-server/tests/Unit/ValueObjects/MemoryInfoTest.php" tests="3" assertions="12" errors="0" failures="0" skipped="0" time="0.000352">
        <testcase name="testMemoryInfoCreation" file="/home/mariusz/mcp-php-server/tests/Unit/ValueObjects/MemoryInfoTest.php" line="10" class="Tests\Unit\ValueObjects\MemoryInfoTest" classname="Tests.Unit.ValueObjects.MemoryInfoTest" assertions="3" time="0.000098"/>
        <testcase name="testMemoryInfoToArray" file="/home/mariusz/mcp-php-server/tests/Unit/ValueObjects/MemoryInfoTest.php" line="27" class="Tests\Unit\ValueObjects\MemoryInfoTest" classname="Tests.Unit.ValueObjects.MemoryInfoTest" assertions="6" time="0.000159"/>
        <testcase name="testMemoryInfoWithDifferentFormats" file="/home/mariusz/mcp-php-server/tests/Unit/ValueObjects/MemoryInfoTest.php" line="50" class="Tests\Unit\ValueObjects\MemoryInfoTest" classname="Tests.Unit.ValueObjects.MemoryInfoTest" assertions="3" time="0.000094"/>
      </testsuite>
    </testsuite>
    <testsuite name="Integration" tests="19" assertions="0" errors="0" failures="0" skipped="19" time="0.000000">
      <testsuite name="Tests\Integration\HTTPAPITest" file="/home/mariusz/mcp-php-server/tests/Integration/HTTPAPITest.php" tests="19" assertions="0" errors="0" failures="0" skipped="19" time="0.000000">
        <testcase name="testRootEndpointReturnsServerInfo" file="/home/mariusz/mcp-php-server/tests/Integration/HTTPAPITest.php" line="81" class="Tests\Integration\HTTPAPITest" classname="Tests.Integration.HTTPAPITest" assertions="0" time="0.000000">
          <skipped/>
        </testcase>
        <testcase name="testHelloToolViaAPI" file="/home/mariusz/mcp-php-server/tests/Integration/HTTPAPITest.php" line="128" class="Tests\Integration\HTTPAPITest" classname="Tests.Integration.HTTPAPITest" assertions="0" time="0.000000">
          <skipped/>
        </testcase>
        <testcase name="testGetTimeToolViaAPI" file="/home/mariusz/mcp-php-server/tests/Integration/HTTPAPITest.php" line="145" class="Tests\Integration\HTTPAPITest" classname="Tests.Integration.HTTPAPITest" assertions="0" time="0.000000">
          <skipped/>
        </testcase>
        <testcase name="testSystemInfoToolViaAPI" file="/home/mariusz/mcp-php-server/tests/Integration/HTTPAPITest.php" line="230" class="Tests\Integration\HTTPAPITest" classname="Tests.Integration.HTTPAPITest" assertions="0" time="0.000000">
          <skipped/>
        </testcase>
        <testcase name="testJsonParseToolViaAPI" file="/home/mariusz/mcp-php-server/tests/Integration/HTTPAPITest.php" line="243" class="Tests\Integration\HTTPAPITest" classname="Tests.Integration.HTTPAPITest" assertions="0" time="0.000000">
          <skipped/>
        </testcase>
        <testcase name="testGetWeatherToolViaAPI" file="/home/mariusz/mcp-php-server/tests/Integration/HTTPAPITest.php" line="257" class="Tests\Integration\HTTPAPITest" classname="Tests.Integration.HTTPAPITest" assertions="0" time="0.000000">
          <skipped/>
        </testcase>
        <testcase name="testLogsEndpointReturnsData" file="/home/mariusz/mcp-php-server/tests/Integration/HTTPAPITest.php" line="305" class="Tests\Integration\HTTPAPITest" classname="Tests.Integration.HTTPAPITest" assertions="0" time="0.000000">
          <skipped/>
        </testcase>
        <testcase name="testToolsEndpointReturnsListOfTools" file="/home/mariusz/mcp-php-server/tests/Integration/HTTPAPITest.php" line="94" class="Tests\Integration\HTTPAPITest" classname="Tests.Integration.HTTPAPITest" assertions="0" time="0.000000">
          <skipped/>
        </testcase>
        <testcase name="testListFilesToolViaAPI" file="/home/mariusz/mcp-php-server/tests/Integration/HTTPAPITest.php" line="177" class="Tests\Integration\HTTPAPITest" classname="Tests.Integration.HTTPAPITest" assertions="0" time="0.000000">
          <skipped/>
        </testcase>
        <testcase name="testMetricsEndpointReturnsData" file="/home/mariusz/mcp-php-server/tests/Integration/HTTPAPITest.php" line="295" class="Tests\Integration\HTTPAPITest" classname="Tests.Integration.HTTPAPITest" assertions="0" time="0.000000">
          <skipped/>
        </testcase>
        <testcase name="testStatusEndpointReturnsServerStatus" file="/home/mariusz/mcp-php-server/tests/Integration/HTTPAPITest.php" line="113" class="Tests\Integration\HTTPAPITest" classname="Tests.Integration.HTTPAPITest" assertions="0" time="0.000000">
          <skipped/>
        </testcase>
        <testcase name="testUnknownToolReturnsError" file="/home/mariusz/mcp-php-server/tests/Integration/HTTPAPITest.php" line="270" class="Tests\Integration\HTTPAPITest" classname="Tests.Integration.HTTPAPITest" assertions="0" time="0.000000">
          <skipped/>
        </testcase>
        <testcase name="testFileSecurityPreventsPathTraversal" file="/home/mariusz/mcp-php-server/tests/Integration/HTTPAPITest.php" line="283" class="Tests\Integration\HTTPAPITest" classname="Tests.Integration.HTTPAPITest" assertions="0" time="0.000000">
          <skipped/>
        </testcase>
        <testcase name="testCalculateToolViaAPI" file="/home/mariusz/mcp-php-server/tests/Integration/HTTPAPITest.php" line="160" class="Tests\Integration\HTTPAPITest" classname="Tests.Integration.HTTPAPITest" assertions="0" time="0.000000">
          <skipped/>
        </testcase>
        <testcase name="testReadWriteFileWorkflowViaAPI" file="/home/mariusz/mcp-php-server/tests/Integration/HTTPAPITest.php" line="191" class="Tests\Integration\HTTPAPITest" classname="Tests.Integration.HTTPAPITest" assertions="0" time="0.000000">
          <skipped/>
        </testcase>
        <testsuite name="Tests\Integration\HTTPAPITest::testToolParameterValidation" tests="4" assertions="0" errors="0" failures="0" skipped="4" time="0.000000">
          <testcase name="testToolParameterValidation with data set &quot;calculate missing operation&quot;" file="/home/mariusz/mcp-php-server/tests/Integration/HTTPAPITest.php" line="318" class="Tests\Integration\HTTPAPITest" classname="Tests.Integration.HTTPAPITest" assertions="0" time="0.000000">
            <skipped/>
          </testcase>
          <testcase name="testToolParameterValidation with data set &quot;read file empty path&quot;" file="/home/mariusz/mcp-php-server/tests/Integration/HTTPAPITest.php" line="318" class="Tests\Integration\HTTPAPITest" classname="Tests.Integration.HTTPAPITest" assertions="0" time="0.000000">
            <skipped/>
          </testcase>
          <testcase name="testToolParameterValidation with data set &quot;write file empty path&quot;" file="/home/mariusz/mcp-php-server/tests/Integration/HTTPAPITest.php" line="318" class="Tests\Integration\HTTPAPITest" classname="Tests.Integration.HTTPAPITest" assertions="0" time="0.000000">
            <skipped/>
          </testcase>
          <testcase name="testToolParameterValidation with data set &quot;get weather empty city&quot;" file="/home/mariusz/mcp-php-server/tests/Integration/HTTPAPITest.php" line="318" class="Tests\Integration\HTTPAPITest" classname="Tests.Integration.HTTPAPITest" assertions="0" time="0.000000">
            <skipped/>
          </testcase>
        </testsuite>
      </testsuite>
    </testsuite>
  </testsuite>
</testsuites>
