<?xml version="1.0" encoding="UTF-8"?>
<testsuites>
  <testsuite name="/home/mariusz/mcp-php-server/tests/phpunit.xml" tests="70" assertions="211" errors="0" failures="0" skipped="0" time="1.013194">
    <testsuite name="Unit" tests="51" assertions="133" errors="0" failures="0" skipped="0" time="0.676934">
      <testsuite name="Tests\Unit\MCPServerHTTPTest" file="/home/mariusz/mcp-php-server/tests/Unit/MCPServerHTTPTest.php" tests="27" assertions="72" errors="0" failures="0" skipped="0" time="0.670373">
        <testcase name="testHelloToolReturnsGreeting" file="/home/mariusz/mcp-php-server/tests/Unit/MCPServerHTTPTest.php" line="47" class="Tests\Unit\MCPServerHTTPTest" classname="Tests.Unit.MCPServerHTTPTest" assertions="1" time="0.004658"/>
        <testcase name="testGetTimeReturnsCurrentTime" file="/home/mariusz/mcp-php-server/tests/Unit/MCPServerHTTPTest.php" line="59" class="Tests\Unit\MCPServerHTTPTest" classname="Tests.Unit.MCPServerHTTPTest" assertions="2" time="0.000277"/>
        <testcase name="testCalculateToolDivisionByZero" file="/home/mariusz/mcp-php-server/tests/Unit/MCPServerHTTPTest.php" line="90" class="Tests\Unit\MCPServerHTTPTest" classname="Tests.Unit.MCPServerHTTPTest" assertions="1" time="0.000099"/>
        <testcase name="testCalculateToolUnknownOperation" file="/home/mariusz/mcp-php-server/tests/Unit/MCPServerHTTPTest.php" line="101" class="Tests\Unit\MCPServerHTTPTest" classname="Tests.Unit.MCPServerHTTPTest" assertions="1" time="0.000099"/>
        <testcase name="testListFilesWithCurrentDirectory" file="/home/mariusz/mcp-php-server/tests/Unit/MCPServerHTTPTest.php" line="112" class="Tests\Unit\MCPServerHTTPTest" classname="Tests.Unit.MCPServerHTTPTest" assertions="4" time="0.000213"/>
        <testcase name="testListFilesWithSubdirectory" file="/home/mariusz/mcp-php-server/tests/Unit/MCPServerHTTPTest.php" line="122" class="Tests\Unit\MCPServerHTTPTest" classname="Tests.Unit.MCPServerHTTPTest" assertions="2" time="0.000166"/>
        <testcase name="testListFilesWithDefaultPath" file="/home/mariusz/mcp-php-server/tests/Unit/MCPServerHTTPTest.php" line="130" class="Tests\Unit\MCPServerHTTPTest" classname="Tests.Unit.MCPServerHTTPTest" assertions="1" time="0.000147"/>
        <testcase name="testReadFileWithValidFile" file="/home/mariusz/mcp-php-server/tests/Unit/MCPServerHTTPTest.php" line="137" class="Tests\Unit\MCPServerHTTPTest" classname="Tests.Unit.MCPServerHTTPTest" assertions="4" time="0.000161"/>
        <testcase name="testReadFileWithNonExistentFile" file="/home/mariusz/mcp-php-server/tests/Unit/MCPServerHTTPTest.php" line="147" class="Tests\Unit\MCPServerHTTPTest" classname="Tests.Unit.MCPServerHTTPTest" assertions="2" time="0.000273"/>
        <testcase name="testSystemInfoReturnsValidInfo" file="/home/mariusz/mcp-php-server/tests/Unit/MCPServerHTTPTest.php" line="177" class="Tests\Unit\MCPServerHTTPTest" classname="Tests.Unit.MCPServerHTTPTest" assertions="5" time="0.000147"/>
        <testcase name="testJsonParseWithValidJson" file="/home/mariusz/mcp-php-server/tests/Unit/MCPServerHTTPTest.php" line="188" class="Tests\Unit\MCPServerHTTPTest" classname="Tests.Unit.MCPServerHTTPTest" assertions="4" time="0.000108"/>
        <testcase name="testJsonParseWithInvalidJson" file="/home/mariusz/mcp-php-server/tests/Unit/MCPServerHTTPTest.php" line="199" class="Tests\Unit\MCPServerHTTPTest" classname="Tests.Unit.MCPServerHTTPTest" assertions="1" time="0.000089"/>
        <testcase name="testGetWeatherWithValidCity" file="/home/mariusz/mcp-php-server/tests/Unit/MCPServerHTTPTest.php" line="207" class="Tests\Unit\MCPServerHTTPTest" classname="Tests.Unit.MCPServerHTTPTest" assertions="8" time="0.000152"/>
        <testcase name="testGetWeatherWithEmptyCity" file="/home/mariusz/mcp-php-server/tests/Unit/MCPServerHTTPTest.php" line="221" class="Tests\Unit\MCPServerHTTPTest" classname="Tests.Unit.MCPServerHTTPTest" assertions="1" time="0.000079"/>
        <testcase name="testHttpRequestWithEmptyUrl" file="/home/mariusz/mcp-php-server/tests/Unit/MCPServerHTTPTest.php" line="243" class="Tests\Unit\MCPServerHTTPTest" classname="Tests.Unit.MCPServerHTTPTest" assertions="1" time="0.000081"/>
        <testcase name="testExecuteUnknownToolThrowsException" file="/home/mariusz/mcp-php-server/tests/Unit/MCPServerHTTPTest.php" line="250" class="Tests\Unit\MCPServerHTTPTest" classname="Tests.Unit.MCPServerHTTPTest" assertions="2" time="0.000115"/>
        <testcase name="testFileOperationSecurityPreventsPathTraversal" file="/home/mariusz/mcp-php-server/tests/Unit/MCPServerHTTPTest.php" line="258" class="Tests\Unit\MCPServerHTTPTest" classname="Tests.Unit.MCPServerHTTPTest" assertions="2" time="0.000211"/>
        <testcase name="testToolExecutionFailureIsMonitored" file="/home/mariusz/mcp-php-server/tests/Unit/MCPServerHTTPTest.php" line="280" class="Tests\Unit\MCPServerHTTPTest" classname="Tests.Unit.MCPServerHTTPTest" assertions="2" time="0.000758"/>
        <testcase name="testGetToolsReturnsAllRegisteredTools" file="/home/mariusz/mcp-php-server/tests/Unit/MCPServerHTTPTest.php" line="27" class="Tests\Unit\MCPServerHTTPTest" classname="Tests.Unit.MCPServerHTTPTest" assertions="13" time="0.001022"/>
        <testcase name="testHelloToolWithDefaultName" file="/home/mariusz/mcp-php-server/tests/Unit/MCPServerHTTPTest.php" line="53" class="Tests\Unit\MCPServerHTTPTest" classname="Tests.Unit.MCPServerHTTPTest" assertions="1" time="0.000096"/>
        <testcase name="testWriteFileCreatesAndReadsFile" file="/home/mariusz/mcp-php-server/tests/Unit/MCPServerHTTPTest.php" line="155" class="Tests\Unit\MCPServerHTTPTest" classname="Tests.Unit.MCPServerHTTPTest" assertions="3" time="0.000329"/>
        <testcase name="testToolExecutionIsMonitored" file="/home/mariusz/mcp-php-server/tests/Unit/MCPServerHTTPTest.php" line="267" class="Tests\Unit\MCPServerHTTPTest" classname="Tests.Unit.MCPServerHTTPTest" assertions="2" time="0.000135"/>
        <testcase name="testHttpRequestWithValidUrl" file="/home/mariusz/mcp-php-server/tests/Unit/MCPServerHTTPTest.php" line="228" class="Tests\Unit\MCPServerHTTPTest" classname="Tests.Unit.MCPServerHTTPTest" assertions="5" time="0.660465"/>
        <testsuite name="Tests\Unit\MCPServerHTTPTest::testCalculateTool" tests="4" assertions="4" errors="0" failures="0" skipped="0" time="0.000493">
          <testcase name="testCalculateTool with data set #0" file="/home/mariusz/mcp-php-server/tests/Unit/MCPServerHTTPTest.php" line="69" class="Tests\Unit\MCPServerHTTPTest" classname="Tests.Unit.MCPServerHTTPTest" assertions="1" time="0.000206"/>
          <testcase name="testCalculateTool with data set #1" file="/home/mariusz/mcp-php-server/tests/Unit/MCPServerHTTPTest.php" line="69" class="Tests\Unit\MCPServerHTTPTest" classname="Tests.Unit.MCPServerHTTPTest" assertions="1" time="0.000101"/>
          <testcase name="testCalculateTool with data set #2" file="/home/mariusz/mcp-php-server/tests/Unit/MCPServerHTTPTest.php" line="69" class="Tests\Unit\MCPServerHTTPTest" classname="Tests.Unit.MCPServerHTTPTest" assertions="1" time="0.000088"/>
          <testcase name="testCalculateTool with data set #3" file="/home/mariusz/mcp-php-server/tests/Unit/MCPServerHTTPTest.php" line="69" class="Tests\Unit\MCPServerHTTPTest" classname="Tests.Unit.MCPServerHTTPTest" assertions="1" time="0.000097"/>
        </testsuite>
      </testsuite>
      <testsuite name="Tests\Unit\ToolServiceTest" file="/home/mariusz/mcp-php-server/tests/Unit/ToolServiceTest.php" tests="24" assertions="61" errors="0" failures="0" skipped="0" time="0.006561">
        <testcase name="testToolExecutionFailureIsLogged" file="/home/mariusz/mcp-php-server/tests/Unit/ToolServiceTest.php" line="252" class="Tests\Unit\ToolServiceTest" classname="Tests.Unit.ToolServiceTest" assertions="5" time="0.003055"/>
        <testcase name="testListFilesWithCurrentDirectory" file="/home/mariusz/mcp-php-server/tests/Unit/ToolServiceTest.php" line="109" class="Tests\Unit\ToolServiceTest" classname="Tests.Unit.ToolServiceTest" assertions="4" time="0.000341"/>
        <testsuite name="Tests\Unit\ToolServiceTest::testCalculateTool" tests="4" assertions="4" errors="0" failures="0" skipped="0" time="0.000536">
          <testcase name="testCalculateTool with data set #0" file="/home/mariusz/mcp-php-server/tests/Unit/ToolServiceTest.php" line="66" class="Tests\Unit\ToolServiceTest" classname="Tests.Unit.ToolServiceTest" assertions="1" time="0.000153"/>
          <testcase name="testCalculateTool with data set #1" file="/home/mariusz/mcp-php-server/tests/Unit/ToolServiceTest.php" line="66" class="Tests\Unit\ToolServiceTest" classname="Tests.Unit.ToolServiceTest" assertions="1" time="0.000129"/>
          <testcase name="testCalculateTool with data set #2" file="/home/mariusz/mcp-php-server/tests/Unit/ToolServiceTest.php" line="66" class="Tests\Unit\ToolServiceTest" classname="Tests.Unit.ToolServiceTest" assertions="1" time="0.000119"/>
          <testcase name="testCalculateTool with data set #3" file="/home/mariusz/mcp-php-server/tests/Unit/ToolServiceTest.php" line="66" class="Tests\Unit\ToolServiceTest" classname="Tests.Unit.ToolServiceTest" assertions="1" time="0.000136"/>
        </testsuite>
        <testcase name="testHelloToolReturnsGreeting" file="/home/mariusz/mcp-php-server/tests/Unit/ToolServiceTest.php" line="28" class="Tests\Unit\ToolServiceTest" classname="Tests.Unit.ToolServiceTest" assertions="4" time="0.000128"/>
        <testcase name="testHelloToolWithDefaultName" file="/home/mariusz/mcp-php-server/tests/Unit/ToolServiceTest.php" line="40" class="Tests\Unit\ToolServiceTest" classname="Tests.Unit.ToolServiceTest" assertions="1" time="0.000095"/>
        <testcase name="testGetTimeReturnsCurrentTime" file="/home/mariusz/mcp-php-server/tests/Unit/ToolServiceTest.php" line="46" class="Tests\Unit\ToolServiceTest" classname="Tests.Unit.ToolServiceTest" assertions="2" time="0.000130"/>
        <testcase name="testGetTimeWithCustomFormat" file="/home/mariusz/mcp-php-server/tests/Unit/ToolServiceTest.php" line="53" class="Tests\Unit\ToolServiceTest" classname="Tests.Unit.ToolServiceTest" assertions="2" time="0.000133"/>
        <testcase name="testCalculateToolDivisionByZero" file="/home/mariusz/mcp-php-server/tests/Unit/ToolServiceTest.php" line="87" class="Tests\Unit\ToolServiceTest" classname="Tests.Unit.ToolServiceTest" assertions="1" time="0.000111"/>
        <testcase name="testCalculateToolUnknownOperation" file="/home/mariusz/mcp-php-server/tests/Unit/ToolServiceTest.php" line="98" class="Tests\Unit\ToolServiceTest" classname="Tests.Unit.ToolServiceTest" assertions="1" time="0.000110"/>
        <testcase name="testReadFileWithValidFile" file="/home/mariusz/mcp-php-server/tests/Unit/ToolServiceTest.php" line="119" class="Tests\Unit\ToolServiceTest" classname="Tests.Unit.ToolServiceTest" assertions="3" time="0.000183"/>
        <testcase name="testReadFileWithNonExistentFile" file="/home/mariusz/mcp-php-server/tests/Unit/ToolServiceTest.php" line="128" class="Tests\Unit\ToolServiceTest" classname="Tests.Unit.ToolServiceTest" assertions="2" time="0.000132"/>
        <testcase name="testWriteFileCreatesAndReadsFile" file="/home/mariusz/mcp-php-server/tests/Unit/ToolServiceTest.php" line="136" class="Tests\Unit\ToolServiceTest" classname="Tests.Unit.ToolServiceTest" assertions="1" time="0.000275"/>
        <testcase name="testSystemInfoReturnsValidInfo" file="/home/mariusz/mcp-php-server/tests/Unit/ToolServiceTest.php" line="152" class="Tests\Unit\ToolServiceTest" classname="Tests.Unit.ToolServiceTest" assertions="5" time="0.000198"/>
        <testcase name="testJsonParseWithValidJson" file="/home/mariusz/mcp-php-server/tests/Unit/ToolServiceTest.php" line="163" class="Tests\Unit\ToolServiceTest" classname="Tests.Unit.ToolServiceTest" assertions="4" time="0.000138"/>
        <testcase name="testJsonParseWithInvalidJson" file="/home/mariusz/mcp-php-server/tests/Unit/ToolServiceTest.php" line="174" class="Tests\Unit\ToolServiceTest" classname="Tests.Unit.ToolServiceTest" assertions="2" time="0.000119"/>
        <testcase name="testGetWeatherWithValidCity" file="/home/mariusz/mcp-php-server/tests/Unit/ToolServiceTest.php" line="183" class="Tests\Unit\ToolServiceTest" classname="Tests.Unit.ToolServiceTest" assertions="7" time="0.000283"/>
        <testcase name="testGetWeatherWithEmptyCity" file="/home/mariusz/mcp-php-server/tests/Unit/ToolServiceTest.php" line="196" class="Tests\Unit\ToolServiceTest" classname="Tests.Unit.ToolServiceTest" assertions="2" time="0.000132"/>
        <testcase name="testExecuteUnknownToolThrowsException" file="/home/mariusz/mcp-php-server/tests/Unit/ToolServiceTest.php" line="204" class="Tests\Unit\ToolServiceTest" classname="Tests.Unit.ToolServiceTest" assertions="2" time="0.000099"/>
        <testcase name="testExecuteDisabledToolThrowsException" file="/home/mariusz/mcp-php-server/tests/Unit/ToolServiceTest.php" line="212" class="Tests\Unit\ToolServiceTest" classname="Tests.Unit.ToolServiceTest" assertions="2" time="0.000095"/>
        <testcase name="testFileOperationSecurityPreventsPathTraversal" file="/home/mariusz/mcp-php-server/tests/Unit/ToolServiceTest.php" line="229" class="Tests\Unit\ToolServiceTest" classname="Tests.Unit.ToolServiceTest" assertions="2" time="0.000122"/>
        <testcase name="testToolExecutionIsLogged" file="/home/mariusz/mcp-php-server/tests/Unit/ToolServiceTest.php" line="238" class="Tests\Unit\ToolServiceTest" classname="Tests.Unit.ToolServiceTest" assertions="5" time="0.000146"/>
      </testsuite>
    </testsuite>
    <testsuite name="Integration" tests="19" assertions="78" errors="0" failures="0" skipped="0" time="0.336261">
      <testsuite name="Tests\Integration\HTTPAPITest" file="/home/mariusz/mcp-php-server/tests/Integration/HTTPAPITest.php" tests="19" assertions="78" errors="0" failures="0" skipped="0" time="0.336261">
        <testcase name="testRootEndpointReturnsServerInfo" file="/home/mariusz/mcp-php-server/tests/Integration/HTTPAPITest.php" line="81" class="Tests\Integration\HTTPAPITest" classname="Tests.Integration.HTTPAPITest" assertions="4" time="0.013810"/>
        <testcase name="testStatusEndpointReturnsServerStatus" file="/home/mariusz/mcp-php-server/tests/Integration/HTTPAPITest.php" line="113" class="Tests\Integration\HTTPAPITest" classname="Tests.Integration.HTTPAPITest" assertions="6" time="0.013950"/>
        <testcase name="testHelloToolViaAPI" file="/home/mariusz/mcp-php-server/tests/Integration/HTTPAPITest.php" line="128" class="Tests\Integration\HTTPAPITest" classname="Tests.Integration.HTTPAPITest" assertions="5" time="0.014238"/>
        <testcase name="testGetTimeToolViaAPI" file="/home/mariusz/mcp-php-server/tests/Integration/HTTPAPITest.php" line="145" class="Tests\Integration\HTTPAPITest" classname="Tests.Integration.HTTPAPITest" assertions="3" time="0.013803"/>
        <testcase name="testMetricsEndpointReturnsData" file="/home/mariusz/mcp-php-server/tests/Integration/HTTPAPITest.php" line="295" class="Tests\Integration\HTTPAPITest" classname="Tests.Integration.HTTPAPITest" assertions="3" time="0.014787"/>
        <testcase name="testToolsEndpointReturnsListOfTools" file="/home/mariusz/mcp-php-server/tests/Integration/HTTPAPITest.php" line="94" class="Tests\Integration\HTTPAPITest" classname="Tests.Integration.HTTPAPITest" assertions="8" time="0.014272"/>
        <testcase name="testCalculateToolViaAPI" file="/home/mariusz/mcp-php-server/tests/Integration/HTTPAPITest.php" line="160" class="Tests\Integration\HTTPAPITest" classname="Tests.Integration.HTTPAPITest" assertions="3" time="0.014628"/>
        <testcase name="testListFilesToolViaAPI" file="/home/mariusz/mcp-php-server/tests/Integration/HTTPAPITest.php" line="177" class="Tests\Integration\HTTPAPITest" classname="Tests.Integration.HTTPAPITest" assertions="5" time="0.016204"/>
        <testcase name="testSystemInfoToolViaAPI" file="/home/mariusz/mcp-php-server/tests/Integration/HTTPAPITest.php" line="230" class="Tests\Integration\HTTPAPITest" classname="Tests.Integration.HTTPAPITest" assertions="4" time="0.015633"/>
        <testcase name="testUnknownToolReturnsError" file="/home/mariusz/mcp-php-server/tests/Integration/HTTPAPITest.php" line="270" class="Tests\Integration\HTTPAPITest" classname="Tests.Integration.HTTPAPITest" assertions="4" time="0.016645"/>
        <testcase name="testFileSecurityPreventsPathTraversal" file="/home/mariusz/mcp-php-server/tests/Integration/HTTPAPITest.php" line="283" class="Tests\Integration\HTTPAPITest" classname="Tests.Integration.HTTPAPITest" assertions="3" time="0.017532"/>
        <testcase name="testLogsEndpointReturnsData" file="/home/mariusz/mcp-php-server/tests/Integration/HTTPAPITest.php" line="305" class="Tests\Integration\HTTPAPITest" classname="Tests.Integration.HTTPAPITest" assertions="4" time="0.016299"/>
        <testcase name="testGetWeatherToolViaAPI" file="/home/mariusz/mcp-php-server/tests/Integration/HTTPAPITest.php" line="257" class="Tests\Integration\HTTPAPITest" classname="Tests.Integration.HTTPAPITest" assertions="4" time="0.014565"/>
        <testcase name="testJsonParseToolViaAPI" file="/home/mariusz/mcp-php-server/tests/Integration/HTTPAPITest.php" line="243" class="Tests\Integration\HTTPAPITest" classname="Tests.Integration.HTTPAPITest" assertions="4" time="0.017104"/>
        <testcase name="testReadWriteFileWorkflowViaAPI" file="/home/mariusz/mcp-php-server/tests/Integration/HTTPAPITest.php" line="191" class="Tests\Integration\HTTPAPITest" classname="Tests.Integration.HTTPAPITest" assertions="6" time="0.032982"/>
        <testsuite name="Tests\Integration\HTTPAPITest::testToolParameterValidation" tests="4" assertions="12" errors="0" failures="0" skipped="0" time="0.089808">
          <testcase name="testToolParameterValidation with data set &quot;calculate missing operation&quot;" file="/home/mariusz/mcp-php-server/tests/Integration/HTTPAPITest.php" line="318" class="Tests\Integration\HTTPAPITest" classname="Tests.Integration.HTTPAPITest" assertions="3" time="0.014953"/>
          <testcase name="testToolParameterValidation with data set &quot;read file empty path&quot;" file="/home/mariusz/mcp-php-server/tests/Integration/HTTPAPITest.php" line="318" class="Tests\Integration\HTTPAPITest" classname="Tests.Integration.HTTPAPITest" assertions="3" time="0.014979"/>
          <testcase name="testToolParameterValidation with data set &quot;write file empty path&quot;" file="/home/mariusz/mcp-php-server/tests/Integration/HTTPAPITest.php" line="318" class="Tests\Integration\HTTPAPITest" classname="Tests.Integration.HTTPAPITest" assertions="3" time="0.029308"/>
          <testcase name="testToolParameterValidation with data set &quot;get weather empty city&quot;" file="/home/mariusz/mcp-php-server/tests/Integration/HTTPAPITest.php" line="318" class="Tests\Integration\HTTPAPITest" classname="Tests.Integration.HTTPAPITest" assertions="3" time="0.030568"/>
        </testsuite>
      </testsuite>
    </testsuite>
  </testsuite>
</testsuites>
