<?xml version="1.0" encoding="UTF-8"?>
<testsuites>
  <testsuite name="/home/mariusz/mcp-php-server/tests/phpunit.xml" tests="108" assertions="349" errors="0" failures="0" skipped="0" time="0.947506">
    <testsuite name="Unit" tests="89" assertions="271" errors="0" failures="0" skipped="0" time="0.632894">
      <testsuite name="Tests\Unit\MCPServerHTTPTest" file="/home/mariusz/mcp-php-server/tests/Unit/MCPServerHTTPTest.php" tests="27" assertions="72" errors="0" failures="0" skipped="0" time="0.550917">
        <testcase name="testHelloToolWithDefaultName" file="/home/mariusz/mcp-php-server/tests/Unit/MCPServerHTTPTest.php" line="53" class="Tests\Unit\MCPServerHTTPTest" classname="Tests.Unit.MCPServerHTTPTest" assertions="1" time="0.007036"/>
        <testcase name="testGetTimeReturnsCurrentTime" file="/home/mariusz/mcp-php-server/tests/Unit/MCPServerHTTPTest.php" line="59" class="Tests\Unit\MCPServerHTTPTest" classname="Tests.Unit.MCPServerHTTPTest" assertions="2" time="0.000503"/>
        <testcase name="testCalculateToolDivisionByZero" file="/home/mariusz/mcp-php-server/tests/Unit/MCPServerHTTPTest.php" line="90" class="Tests\Unit\MCPServerHTTPTest" classname="Tests.Unit.MCPServerHTTPTest" assertions="1" time="0.000162"/>
        <testcase name="testCalculateToolUnknownOperation" file="/home/mariusz/mcp-php-server/tests/Unit/MCPServerHTTPTest.php" line="101" class="Tests\Unit\MCPServerHTTPTest" classname="Tests.Unit.MCPServerHTTPTest" assertions="1" time="0.000112"/>
        <testcase name="testListFilesWithCurrentDirectory" file="/home/mariusz/mcp-php-server/tests/Unit/MCPServerHTTPTest.php" line="112" class="Tests\Unit\MCPServerHTTPTest" classname="Tests.Unit.MCPServerHTTPTest" assertions="4" time="0.000272"/>
        <testcase name="testListFilesWithSubdirectory" file="/home/mariusz/mcp-php-server/tests/Unit/MCPServerHTTPTest.php" line="122" class="Tests\Unit\MCPServerHTTPTest" classname="Tests.Unit.MCPServerHTTPTest" assertions="2" time="0.000210"/>
        <testcase name="testListFilesWithDefaultPath" file="/home/mariusz/mcp-php-server/tests/Unit/MCPServerHTTPTest.php" line="130" class="Tests\Unit\MCPServerHTTPTest" classname="Tests.Unit.MCPServerHTTPTest" assertions="1" time="0.000205"/>
        <testcase name="testReadFileWithValidFile" file="/home/mariusz/mcp-php-server/tests/Unit/MCPServerHTTPTest.php" line="137" class="Tests\Unit\MCPServerHTTPTest" classname="Tests.Unit.MCPServerHTTPTest" assertions="4" time="0.000189"/>
        <testcase name="testReadFileWithNonExistentFile" file="/home/mariusz/mcp-php-server/tests/Unit/MCPServerHTTPTest.php" line="147" class="Tests\Unit\MCPServerHTTPTest" classname="Tests.Unit.MCPServerHTTPTest" assertions="2" time="0.000363"/>
        <testcase name="testWriteFileCreatesAndReadsFile" file="/home/mariusz/mcp-php-server/tests/Unit/MCPServerHTTPTest.php" line="155" class="Tests\Unit\MCPServerHTTPTest" classname="Tests.Unit.MCPServerHTTPTest" assertions="3" time="0.000721"/>
        <testcase name="testSystemInfoReturnsValidInfo" file="/home/mariusz/mcp-php-server/tests/Unit/MCPServerHTTPTest.php" line="177" class="Tests\Unit\MCPServerHTTPTest" classname="Tests.Unit.MCPServerHTTPTest" assertions="5" time="0.000352"/>
        <testcase name="testJsonParseWithValidJson" file="/home/mariusz/mcp-php-server/tests/Unit/MCPServerHTTPTest.php" line="188" class="Tests\Unit\MCPServerHTTPTest" classname="Tests.Unit.MCPServerHTTPTest" assertions="4" time="0.000150"/>
        <testcase name="testJsonParseWithInvalidJson" file="/home/mariusz/mcp-php-server/tests/Unit/MCPServerHTTPTest.php" line="199" class="Tests\Unit\MCPServerHTTPTest" classname="Tests.Unit.MCPServerHTTPTest" assertions="1" time="0.000169"/>
        <testcase name="testGetWeatherWithValidCity" file="/home/mariusz/mcp-php-server/tests/Unit/MCPServerHTTPTest.php" line="207" class="Tests\Unit\MCPServerHTTPTest" classname="Tests.Unit.MCPServerHTTPTest" assertions="8" time="0.000167"/>
        <testcase name="testGetWeatherWithEmptyCity" file="/home/mariusz/mcp-php-server/tests/Unit/MCPServerHTTPTest.php" line="221" class="Tests\Unit\MCPServerHTTPTest" classname="Tests.Unit.MCPServerHTTPTest" assertions="1" time="0.000105"/>
        <testcase name="testHttpRequestWithEmptyUrl" file="/home/mariusz/mcp-php-server/tests/Unit/MCPServerHTTPTest.php" line="243" class="Tests\Unit\MCPServerHTTPTest" classname="Tests.Unit.MCPServerHTTPTest" assertions="1" time="0.000102"/>
        <testcase name="testExecuteUnknownToolThrowsException" file="/home/mariusz/mcp-php-server/tests/Unit/MCPServerHTTPTest.php" line="250" class="Tests\Unit\MCPServerHTTPTest" classname="Tests.Unit.MCPServerHTTPTest" assertions="2" time="0.000118"/>
        <testcase name="testFileOperationSecurityPreventsPathTraversal" file="/home/mariusz/mcp-php-server/tests/Unit/MCPServerHTTPTest.php" line="258" class="Tests\Unit\MCPServerHTTPTest" classname="Tests.Unit.MCPServerHTTPTest" assertions="2" time="0.000268"/>
        <testcase name="testToolExecutionIsMonitored" file="/home/mariusz/mcp-php-server/tests/Unit/MCPServerHTTPTest.php" line="267" class="Tests\Unit\MCPServerHTTPTest" classname="Tests.Unit.MCPServerHTTPTest" assertions="2" time="0.001545"/>
        <testcase name="testGetToolsReturnsAllRegisteredTools" file="/home/mariusz/mcp-php-server/tests/Unit/MCPServerHTTPTest.php" line="27" class="Tests\Unit\MCPServerHTTPTest" classname="Tests.Unit.MCPServerHTTPTest" assertions="13" time="0.001424"/>
        <testcase name="testHelloToolReturnsGreeting" file="/home/mariusz/mcp-php-server/tests/Unit/MCPServerHTTPTest.php" line="47" class="Tests\Unit\MCPServerHTTPTest" classname="Tests.Unit.MCPServerHTTPTest" assertions="1" time="0.000137"/>
        <testcase name="testToolExecutionFailureIsMonitored" file="/home/mariusz/mcp-php-server/tests/Unit/MCPServerHTTPTest.php" line="280" class="Tests\Unit\MCPServerHTTPTest" classname="Tests.Unit.MCPServerHTTPTest" assertions="2" time="0.000196"/>
        <testcase name="testHttpRequestWithValidUrl" file="/home/mariusz/mcp-php-server/tests/Unit/MCPServerHTTPTest.php" line="228" class="Tests\Unit\MCPServerHTTPTest" classname="Tests.Unit.MCPServerHTTPTest" assertions="5" time="0.535642"/>
        <testsuite name="Tests\Unit\MCPServerHTTPTest::testCalculateTool" tests="4" assertions="4" errors="0" failures="0" skipped="0" time="0.000770">
          <testcase name="testCalculateTool with data set #0" file="/home/mariusz/mcp-php-server/tests/Unit/MCPServerHTTPTest.php" line="69" class="Tests\Unit\MCPServerHTTPTest" classname="Tests.Unit.MCPServerHTTPTest" assertions="1" time="0.000324"/>
          <testcase name="testCalculateTool with data set #1" file="/home/mariusz/mcp-php-server/tests/Unit/MCPServerHTTPTest.php" line="69" class="Tests\Unit\MCPServerHTTPTest" classname="Tests.Unit.MCPServerHTTPTest" assertions="1" time="0.000195"/>
          <testcase name="testCalculateTool with data set #2" file="/home/mariusz/mcp-php-server/tests/Unit/MCPServerHTTPTest.php" line="69" class="Tests\Unit\MCPServerHTTPTest" classname="Tests.Unit.MCPServerHTTPTest" assertions="1" time="0.000118"/>
          <testcase name="testCalculateTool with data set #3" file="/home/mariusz/mcp-php-server/tests/Unit/MCPServerHTTPTest.php" line="69" class="Tests\Unit\MCPServerHTTPTest" classname="Tests.Unit.MCPServerHTTPTest" assertions="1" time="0.000133"/>
        </testsuite>
      </testsuite>
      <testsuite name="Tests\Unit\ValueObjects\SystemInfoTest" file="/home/mariusz/mcp-php-server/tests/Unit/ValueObjects/SystemInfoTest.php" tests="2" assertions="16" errors="0" failures="0" skipped="0" time="0.000724">
        <testcase name="testSystemInfoToArray" file="/home/mariusz/mcp-php-server/tests/Unit/ValueObjects/SystemInfoTest.php" line="33" class="Tests\Unit\ValueObjects\SystemInfoTest" classname="Tests.Unit.ValueObjects.SystemInfoTest" assertions="11" time="0.000490"/>
        <testcase name="testSystemInfoCreation" file="/home/mariusz/mcp-php-server/tests/Unit/ValueObjects/SystemInfoTest.php" line="10" class="Tests\Unit\ValueObjects\SystemInfoTest" classname="Tests.Unit.ValueObjects.SystemInfoTest" assertions="5" time="0.000234"/>
      </testsuite>
      <testsuite name="Tests\Unit\Services\ToolRegistryTest" file="/home/mariusz/mcp-php-server/tests/Unit/Services/ToolRegistryTest.php" tests="6" assertions="13" errors="0" failures="0" skipped="0" time="0.002502">
        <testcase name="testExecuteToolThrowsExceptionForUnknownTool" file="/home/mariusz/mcp-php-server/tests/Unit/Services/ToolRegistryTest.php" line="38" class="Tests\Unit\Services\ToolRegistryTest" classname="Tests.Unit.Services.ToolRegistryTest" assertions="2" time="0.001214"/>
        <testcase name="testExecuteToolReturnsCorrectFormat" file="/home/mariusz/mcp-php-server/tests/Unit/Services/ToolRegistryTest.php" line="46" class="Tests\Unit\Services\ToolRegistryTest" classname="Tests.Unit.Services.ToolRegistryTest" assertions="1" time="0.000077"/>
        <testcase name="testHasTool" file="/home/mariusz/mcp-php-server/tests/Unit/Services/ToolRegistryTest.php" line="25" class="Tests\Unit\Services\ToolRegistryTest" classname="Tests.Unit.Services.ToolRegistryTest" assertions="3" time="0.000172"/>
        <testcase name="testExecuteTool" file="/home/mariusz/mcp-php-server/tests/Unit/Services/ToolRegistryTest.php" line="32" class="Tests\Unit\Services\ToolRegistryTest" classname="Tests.Unit.Services.ToolRegistryTest" assertions="1" time="0.000060"/>
        <testcase name="testGetToolsContainsRequiredFields" file="/home/mariusz/mcp-php-server/tests/Unit/Services/ToolRegistryTest.php" line="57" class="Tests\Unit\Services\ToolRegistryTest" classname="Tests.Unit.Services.ToolRegistryTest" assertions="3" time="0.000137"/>
        <testcase name="testGetTools" file="/home/mariusz/mcp-php-server/tests/Unit/Services/ToolRegistryTest.php" line="17" class="Tests\Unit\Services\ToolRegistryTest" classname="Tests.Unit.Services.ToolRegistryTest" assertions="3" time="0.000843"/>
      </testsuite>
      <testsuite name="Tests\Unit\ToolServiceTest" file="/home/mariusz/mcp-php-server/tests/Unit/ToolServiceTest.php" tests="24" assertions="61" errors="0" failures="0" skipped="0" time="0.008000">
        <testcase name="testToolExecutionFailureIsLogged" file="/home/mariusz/mcp-php-server/tests/Unit/ToolServiceTest.php" line="252" class="Tests\Unit\ToolServiceTest" classname="Tests.Unit.ToolServiceTest" assertions="5" time="0.003804"/>
        <testcase name="testListFilesWithCurrentDirectory" file="/home/mariusz/mcp-php-server/tests/Unit/ToolServiceTest.php" line="109" class="Tests\Unit\ToolServiceTest" classname="Tests.Unit.ToolServiceTest" assertions="4" time="0.000365"/>
        <testsuite name="Tests\Unit\ToolServiceTest::testCalculateTool" tests="4" assertions="4" errors="0" failures="0" skipped="0" time="0.000669">
          <testcase name="testCalculateTool with data set #0" file="/home/mariusz/mcp-php-server/tests/Unit/ToolServiceTest.php" line="66" class="Tests\Unit\ToolServiceTest" classname="Tests.Unit.ToolServiceTest" assertions="1" time="0.000205"/>
          <testcase name="testCalculateTool with data set #1" file="/home/mariusz/mcp-php-server/tests/Unit/ToolServiceTest.php" line="66" class="Tests\Unit\ToolServiceTest" classname="Tests.Unit.ToolServiceTest" assertions="1" time="0.000168"/>
          <testcase name="testCalculateTool with data set #2" file="/home/mariusz/mcp-php-server/tests/Unit/ToolServiceTest.php" line="66" class="Tests\Unit\ToolServiceTest" classname="Tests.Unit.ToolServiceTest" assertions="1" time="0.000151"/>
          <testcase name="testCalculateTool with data set #3" file="/home/mariusz/mcp-php-server/tests/Unit/ToolServiceTest.php" line="66" class="Tests\Unit\ToolServiceTest" classname="Tests.Unit.ToolServiceTest" assertions="1" time="0.000146"/>
        </testsuite>
        <testcase name="testHelloToolReturnsGreeting" file="/home/mariusz/mcp-php-server/tests/Unit/ToolServiceTest.php" line="28" class="Tests\Unit\ToolServiceTest" classname="Tests.Unit.ToolServiceTest" assertions="4" time="0.000143"/>
        <testcase name="testHelloToolWithDefaultName" file="/home/mariusz/mcp-php-server/tests/Unit/ToolServiceTest.php" line="40" class="Tests\Unit\ToolServiceTest" classname="Tests.Unit.ToolServiceTest" assertions="1" time="0.000104"/>
        <testcase name="testGetTimeReturnsCurrentTime" file="/home/mariusz/mcp-php-server/tests/Unit/ToolServiceTest.php" line="46" class="Tests\Unit\ToolServiceTest" classname="Tests.Unit.ToolServiceTest" assertions="2" time="0.000116"/>
        <testcase name="testGetTimeWithCustomFormat" file="/home/mariusz/mcp-php-server/tests/Unit/ToolServiceTest.php" line="53" class="Tests\Unit\ToolServiceTest" classname="Tests.Unit.ToolServiceTest" assertions="2" time="0.000147"/>
        <testcase name="testCalculateToolDivisionByZero" file="/home/mariusz/mcp-php-server/tests/Unit/ToolServiceTest.php" line="87" class="Tests\Unit\ToolServiceTest" classname="Tests.Unit.ToolServiceTest" assertions="1" time="0.000122"/>
        <testcase name="testCalculateToolUnknownOperation" file="/home/mariusz/mcp-php-server/tests/Unit/ToolServiceTest.php" line="98" class="Tests\Unit\ToolServiceTest" classname="Tests.Unit.ToolServiceTest" assertions="1" time="0.000105"/>
        <testcase name="testReadFileWithValidFile" file="/home/mariusz/mcp-php-server/tests/Unit/ToolServiceTest.php" line="119" class="Tests\Unit\ToolServiceTest" classname="Tests.Unit.ToolServiceTest" assertions="3" time="0.000174"/>
        <testcase name="testReadFileWithNonExistentFile" file="/home/mariusz/mcp-php-server/tests/Unit/ToolServiceTest.php" line="128" class="Tests\Unit\ToolServiceTest" classname="Tests.Unit.ToolServiceTest" assertions="2" time="0.000162"/>
        <testcase name="testWriteFileCreatesAndReadsFile" file="/home/mariusz/mcp-php-server/tests/Unit/ToolServiceTest.php" line="136" class="Tests\Unit\ToolServiceTest" classname="Tests.Unit.ToolServiceTest" assertions="1" time="0.000259"/>
        <testcase name="testSystemInfoReturnsValidInfo" file="/home/mariusz/mcp-php-server/tests/Unit/ToolServiceTest.php" line="152" class="Tests\Unit\ToolServiceTest" classname="Tests.Unit.ToolServiceTest" assertions="5" time="0.000226"/>
        <testcase name="testJsonParseWithValidJson" file="/home/mariusz/mcp-php-server/tests/Unit/ToolServiceTest.php" line="163" class="Tests\Unit\ToolServiceTest" classname="Tests.Unit.ToolServiceTest" assertions="4" time="0.000179"/>
        <testcase name="testJsonParseWithInvalidJson" file="/home/mariusz/mcp-php-server/tests/Unit/ToolServiceTest.php" line="174" class="Tests\Unit\ToolServiceTest" classname="Tests.Unit.ToolServiceTest" assertions="2" time="0.000203"/>
        <testcase name="testGetWeatherWithValidCity" file="/home/mariusz/mcp-php-server/tests/Unit/ToolServiceTest.php" line="183" class="Tests\Unit\ToolServiceTest" classname="Tests.Unit.ToolServiceTest" assertions="7" time="0.000358"/>
        <testcase name="testGetWeatherWithEmptyCity" file="/home/mariusz/mcp-php-server/tests/Unit/ToolServiceTest.php" line="196" class="Tests\Unit\ToolServiceTest" classname="Tests.Unit.ToolServiceTest" assertions="2" time="0.000148"/>
        <testcase name="testExecuteUnknownToolThrowsException" file="/home/mariusz/mcp-php-server/tests/Unit/ToolServiceTest.php" line="204" class="Tests\Unit\ToolServiceTest" classname="Tests.Unit.ToolServiceTest" assertions="2" time="0.000146"/>
        <testcase name="testExecuteDisabledToolThrowsException" file="/home/mariusz/mcp-php-server/tests/Unit/ToolServiceTest.php" line="212" class="Tests\Unit\ToolServiceTest" classname="Tests.Unit.ToolServiceTest" assertions="2" time="0.000133"/>
        <testcase name="testFileOperationSecurityPreventsPathTraversal" file="/home/mariusz/mcp-php-server/tests/Unit/ToolServiceTest.php" line="229" class="Tests\Unit\ToolServiceTest" classname="Tests.Unit.ToolServiceTest" assertions="2" time="0.000182"/>
        <testcase name="testToolExecutionIsLogged" file="/home/mariusz/mcp-php-server/tests/Unit/ToolServiceTest.php" line="238" class="Tests\Unit\ToolServiceTest" classname="Tests.Unit.ToolServiceTest" assertions="5" time="0.000256"/>
      </testsuite>
      <testsuite name="Tests\Unit\Interfaces\ToolInterfaceTest" file="/home/mariusz/mcp-php-server/tests/Unit/Interfaces/ToolInterfaceTest.php" tests="3" assertions="10" errors="0" failures="0" skipped="0" time="0.000330">
        <testcase name="testToolInterfaceMethodsExist" file="/home/mariusz/mcp-php-server/tests/Unit/Interfaces/ToolInterfaceTest.php" line="51" class="Tests\Unit\Interfaces\ToolInterfaceTest" classname="Tests.Unit.Interfaces.ToolInterfaceTest" assertions="5" time="0.000125"/>
        <testcase name="testToolExecution" file="/home/mariusz/mcp-php-server/tests/Unit/Interfaces/ToolInterfaceTest.php" line="60" class="Tests\Unit\Interfaces\ToolInterfaceTest" classname="Tests.Unit.Interfaces.ToolInterfaceTest" assertions="1" time="0.000089"/>
        <testcase name="testToolMetadata" file="/home/mariusz/mcp-php-server/tests/Unit/Interfaces/ToolInterfaceTest.php" line="66" class="Tests\Unit\Interfaces\ToolInterfaceTest" classname="Tests.Unit.Interfaces.ToolInterfaceTest" assertions="4" time="0.000116"/>
      </testsuite>
      <testsuite name="Tests\Unit\Services\SystemInfoCollectorTest" file="/home/mariusz/mcp-php-server/tests/Unit/Services/SystemInfoCollectorTest.php" tests="8" assertions="50" errors="0" failures="0" skipped="0" time="0.067263">
        <testcase name="testPhpInfo" file="/home/mariusz/mcp-php-server/tests/Unit/Services/SystemInfoCollectorTest.php" line="54" class="Tests\Unit\Services\SystemInfoCollectorTest" classname="Tests.Unit.Services.SystemInfoCollectorTest" assertions="9" time="0.013063"/>
        <testcase name="testCollectContainsRequiredSections" file="/home/mariusz/mcp-php-server/tests/Unit/Services/SystemInfoCollectorTest.php" line="25" class="Tests\Unit\Services\SystemInfoCollectorTest" classname="Tests.Unit.Services.SystemInfoCollectorTest" assertions="5" time="0.008018"/>
        <testcase name="testResourcesInfo" file="/home/mariusz/mcp-php-server/tests/Unit/Services/SystemInfoCollectorTest.php" line="73" class="Tests\Unit\Services\SystemInfoCollectorTest" classname="Tests.Unit.Services.SystemInfoCollectorTest" assertions="12" time="0.006865"/>
        <testcase name="testSecurityInfo" file="/home/mariusz/mcp-php-server/tests/Unit/Services/SystemInfoCollectorTest.php" line="98" class="Tests\Unit\Services\SystemInfoCollectorTest" classname="Tests.Unit.Services.SystemInfoCollectorTest" assertions="6" time="0.010229"/>
        <testcase name="testPlatformInfo" file="/home/mariusz/mcp-php-server/tests/Unit/Services/SystemInfoCollectorTest.php" line="37" class="Tests\Unit\Services\SystemInfoCollectorTest" classname="Tests.Unit.Services.SystemInfoCollectorTest" assertions="7" time="0.007261"/>
        <testcase name="testExtensionsArrayContainsImportantExtensions" file="/home/mariusz/mcp-php-server/tests/Unit/Services/SystemInfoCollectorTest.php" line="113" class="Tests\Unit\Services\SystemInfoCollectorTest" classname="Tests.Unit.Services.SystemInfoCollectorTest" assertions="8" time="0.006737"/>
        <testcase name="testSystemInfoToArray" file="/home/mariusz/mcp-php-server/tests/Unit/Services/SystemInfoCollectorTest.php" line="127" class="Tests\Unit\Services\SystemInfoCollectorTest" classname="Tests.Unit.Services.SystemInfoCollectorTest" assertions="2" time="0.007772"/>
        <testcase name="testCollectReturnsSystemInfoObject" file="/home/mariusz/mcp-php-server/tests/Unit/Services/SystemInfoCollectorTest.php" line="18" class="Tests\Unit\Services\SystemInfoCollectorTest" classname="Tests.Unit.Services.SystemInfoCollectorTest" assertions="1" time="0.007317"/>
      </testsuite>
      <testsuite name="Tests\Unit\Services\TemplateRendererTest" file="/home/mariusz/mcp-php-server/tests/Unit/Services/TemplateRendererTest.php" tests="6" assertions="10" errors="0" failures="0" skipped="0" time="0.002248">
        <testcase name="testExistsWithExistingTemplate" file="/home/mariusz/mcp-php-server/tests/Unit/Services/TemplateRendererTest.php" line="34" class="Tests\Unit\Services\TemplateRendererTest" classname="Tests.Unit.Services.TemplateRendererTest" assertions="1" time="0.000750"/>
        <testcase name="testExistsWithNonExistingTemplate" file="/home/mariusz/mcp-php-server/tests/Unit/Services/TemplateRendererTest.php" line="42" class="Tests\Unit\Services\TemplateRendererTest" classname="Tests.Unit.Services.TemplateRendererTest" assertions="1" time="0.000365"/>
        <testcase name="testRenderWithVariables" file="/home/mariusz/mcp-php-server/tests/Unit/Services/TemplateRendererTest.php" line="49" class="Tests\Unit\Services\TemplateRendererTest" classname="Tests.Unit.Services.TemplateRendererTest" assertions="1" time="0.000298"/>
        <testcase name="testRenderWithoutVariables" file="/home/mariusz/mcp-php-server/tests/Unit/Services/TemplateRendererTest.php" line="59" class="Tests\Unit\Services\TemplateRendererTest" classname="Tests.Unit.Services.TemplateRendererTest" assertions="1" time="0.000248"/>
        <testcase name="testRenderWithComplexTemplate" file="/home/mariusz/mcp-php-server/tests/Unit/Services/TemplateRendererTest.php" line="69" class="Tests\Unit\Services\TemplateRendererTest" classname="Tests.Unit.Services.TemplateRendererTest" assertions="4" time="0.000313"/>
        <testcase name="testRenderThrowsExceptionForNonExistentTemplate" file="/home/mariusz/mcp-php-server/tests/Unit/Services/TemplateRendererTest.php" line="93" class="Tests\Unit\Services\TemplateRendererTest" classname="Tests.Unit.Services.TemplateRendererTest" assertions="2" time="0.000273"/>
      </testsuite>
      <testsuite name="Tests\Unit\Tools\HelloToolTest" file="/home/mariusz/mcp-php-server/tests/Unit/Tools/HelloToolTest.php" tests="6" assertions="8" errors="0" failures="0" skipped="0" time="0.000323">
        <testcase name="testGetName" file="/home/mariusz/mcp-php-server/tests/Unit/Tools/HelloToolTest.php" line="17" class="Tests\Unit\Tools\HelloToolTest" classname="Tests.Unit.Tools.HelloToolTest" assertions="1" time="0.000059"/>
        <testcase name="testGetDescription" file="/home/mariusz/mcp-php-server/tests/Unit/Tools/HelloToolTest.php" line="22" class="Tests\Unit\Tools\HelloToolTest" classname="Tests.Unit.Tools.HelloToolTest" assertions="1" time="0.000050"/>
        <testcase name="testExecuteWithName" file="/home/mariusz/mcp-php-server/tests/Unit/Tools/HelloToolTest.php" line="27" class="Tests\Unit\Tools\HelloToolTest" classname="Tests.Unit.Tools.HelloToolTest" assertions="1" time="0.000051"/>
        <testcase name="testExecuteWithoutName" file="/home/mariusz/mcp-php-server/tests/Unit/Tools/HelloToolTest.php" line="33" class="Tests\Unit\Tools\HelloToolTest" classname="Tests.Unit.Tools.HelloToolTest" assertions="1" time="0.000046"/>
        <testcase name="testGetSchema" file="/home/mariusz/mcp-php-server/tests/Unit/Tools/HelloToolTest.php" line="39" class="Tests\Unit\Tools\HelloToolTest" classname="Tests.Unit.Tools.HelloToolTest" assertions="3" time="0.000073"/>
        <testcase name="testIsEnabled" file="/home/mariusz/mcp-php-server/tests/Unit/Tools/HelloToolTest.php" line="47" class="Tests\Unit\Tools\HelloToolTest" classname="Tests.Unit.Tools.HelloToolTest" assertions="1" time="0.000044"/>
      </testsuite>
      <testsuite name="Tests\Unit\ValueObjects\DiskInfoTest" file="/home/mariusz/mcp-php-server/tests/Unit/ValueObjects/DiskInfoTest.php" tests="4" assertions="19" errors="0" failures="0" skipped="0" time="0.000347">
        <testcase name="testDiskInfoCreation" file="/home/mariusz/mcp-php-server/tests/Unit/ValueObjects/DiskInfoTest.php" line="10" class="Tests\Unit\ValueObjects\DiskInfoTest" classname="Tests.Unit.ValueObjects.DiskInfoTest" assertions="4" time="0.000074"/>
        <testcase name="testDiskInfoToArray" file="/home/mariusz/mcp-php-server/tests/Unit/ValueObjects/DiskInfoTest.php" line="30" class="Tests\Unit\ValueObjects\DiskInfoTest" classname="Tests.Unit.ValueObjects.DiskInfoTest" assertions="8" time="0.000095"/>
        <testcase name="testDiskInfoWithPartialUsage" file="/home/mariusz/mcp-php-server/tests/Unit/ValueObjects/DiskInfoTest.php" line="57" class="Tests\Unit\ValueObjects\DiskInfoTest" classname="Tests.Unit.ValueObjects.DiskInfoTest" assertions="4" time="0.000076"/>
        <testcase name="testDiskInfoWithZeroUsage" file="/home/mariusz/mcp-php-server/tests/Unit/ValueObjects/DiskInfoTest.php" line="74" class="Tests\Unit\ValueObjects\DiskInfoTest" classname="Tests.Unit.ValueObjects.DiskInfoTest" assertions="3" time="0.000103"/>
      </testsuite>
      <testsuite name="Tests\Unit\ValueObjects\MemoryInfoTest" file="/home/mariusz/mcp-php-server/tests/Unit/ValueObjects/MemoryInfoTest.php" tests="3" assertions="12" errors="0" failures="0" skipped="0" time="0.000240">
        <testcase name="testMemoryInfoCreation" file="/home/mariusz/mcp-php-server/tests/Unit/ValueObjects/MemoryInfoTest.php" line="10" class="Tests\Unit\ValueObjects\MemoryInfoTest" classname="Tests.Unit.ValueObjects.MemoryInfoTest" assertions="3" time="0.000078"/>
        <testcase name="testMemoryInfoToArray" file="/home/mariusz/mcp-php-server/tests/Unit/ValueObjects/MemoryInfoTest.php" line="27" class="Tests\Unit\ValueObjects\MemoryInfoTest" classname="Tests.Unit.ValueObjects.MemoryInfoTest" assertions="6" time="0.000098"/>
        <testcase name="testMemoryInfoWithDifferentFormats" file="/home/mariusz/mcp-php-server/tests/Unit/ValueObjects/MemoryInfoTest.php" line="50" class="Tests\Unit\ValueObjects\MemoryInfoTest" classname="Tests.Unit.ValueObjects.MemoryInfoTest" assertions="3" time="0.000064"/>
      </testsuite>
    </testsuite>
    <testsuite name="Integration" tests="19" assertions="78" errors="0" failures="0" skipped="0" time="0.314612">
      <testsuite name="Tests\Integration\HTTPAPITest" file="/home/mariusz/mcp-php-server/tests/Integration/HTTPAPITest.php" tests="19" assertions="78" errors="0" failures="0" skipped="0" time="0.314612">
        <testcase name="testToolsEndpointReturnsListOfTools" file="/home/mariusz/mcp-php-server/tests/Integration/HTTPAPITest.php" line="94" class="Tests\Integration\HTTPAPITest" classname="Tests.Integration.HTTPAPITest" assertions="8" time="0.015398"/>
        <testcase name="testGetTimeToolViaAPI" file="/home/mariusz/mcp-php-server/tests/Integration/HTTPAPITest.php" line="145" class="Tests\Integration\HTTPAPITest" classname="Tests.Integration.HTTPAPITest" assertions="3" time="0.014406"/>
        <testcase name="testUnknownToolReturnsError" file="/home/mariusz/mcp-php-server/tests/Integration/HTTPAPITest.php" line="270" class="Tests\Integration\HTTPAPITest" classname="Tests.Integration.HTTPAPITest" assertions="4" time="0.014752"/>
        <testcase name="testSystemInfoToolViaAPI" file="/home/mariusz/mcp-php-server/tests/Integration/HTTPAPITest.php" line="230" class="Tests\Integration\HTTPAPITest" classname="Tests.Integration.HTTPAPITest" assertions="4" time="0.014899"/>
        <testcase name="testFileSecurityPreventsPathTraversal" file="/home/mariusz/mcp-php-server/tests/Integration/HTTPAPITest.php" line="283" class="Tests\Integration\HTTPAPITest" classname="Tests.Integration.HTTPAPITest" assertions="3" time="0.013817"/>
        <testcase name="testCalculateToolViaAPI" file="/home/mariusz/mcp-php-server/tests/Integration/HTTPAPITest.php" line="160" class="Tests\Integration\HTTPAPITest" classname="Tests.Integration.HTTPAPITest" assertions="3" time="0.014809"/>
        <testcase name="testListFilesToolViaAPI" file="/home/mariusz/mcp-php-server/tests/Integration/HTTPAPITest.php" line="177" class="Tests\Integration\HTTPAPITest" classname="Tests.Integration.HTTPAPITest" assertions="5" time="0.013896"/>
        <testcase name="testJsonParseToolViaAPI" file="/home/mariusz/mcp-php-server/tests/Integration/HTTPAPITest.php" line="243" class="Tests\Integration\HTTPAPITest" classname="Tests.Integration.HTTPAPITest" assertions="4" time="0.014021"/>
        <testcase name="testGetWeatherToolViaAPI" file="/home/mariusz/mcp-php-server/tests/Integration/HTTPAPITest.php" line="257" class="Tests\Integration\HTTPAPITest" classname="Tests.Integration.HTTPAPITest" assertions="4" time="0.013560"/>
        <testcase name="testStatusEndpointReturnsServerStatus" file="/home/mariusz/mcp-php-server/tests/Integration/HTTPAPITest.php" line="113" class="Tests\Integration\HTTPAPITest" classname="Tests.Integration.HTTPAPITest" assertions="6" time="0.013497"/>
        <testcase name="testHelloToolViaAPI" file="/home/mariusz/mcp-php-server/tests/Integration/HTTPAPITest.php" line="128" class="Tests\Integration\HTTPAPITest" classname="Tests.Integration.HTTPAPITest" assertions="5" time="0.014747"/>
        <testcase name="testMetricsEndpointReturnsData" file="/home/mariusz/mcp-php-server/tests/Integration/HTTPAPITest.php" line="295" class="Tests\Integration\HTTPAPITest" classname="Tests.Integration.HTTPAPITest" assertions="3" time="0.013928"/>
        <testcase name="testRootEndpointReturnsServerInfo" file="/home/mariusz/mcp-php-server/tests/Integration/HTTPAPITest.php" line="81" class="Tests\Integration\HTTPAPITest" classname="Tests.Integration.HTTPAPITest" assertions="4" time="0.015174"/>
        <testcase name="testLogsEndpointReturnsData" file="/home/mariusz/mcp-php-server/tests/Integration/HTTPAPITest.php" line="305" class="Tests\Integration\HTTPAPITest" classname="Tests.Integration.HTTPAPITest" assertions="4" time="0.015018"/>
        <testcase name="testReadWriteFileWorkflowViaAPI" file="/home/mariusz/mcp-php-server/tests/Integration/HTTPAPITest.php" line="191" class="Tests\Integration\HTTPAPITest" classname="Tests.Integration.HTTPAPITest" assertions="6" time="0.045203"/>
        <testsuite name="Tests\Integration\HTTPAPITest::testToolParameterValidation" tests="4" assertions="12" errors="0" failures="0" skipped="0" time="0.067489">
          <testcase name="testToolParameterValidation with data set &quot;calculate missing operation&quot;" file="/home/mariusz/mcp-php-server/tests/Integration/HTTPAPITest.php" line="318" class="Tests\Integration\HTTPAPITest" classname="Tests.Integration.HTTPAPITest" assertions="3" time="0.017295"/>
          <testcase name="testToolParameterValidation with data set &quot;read file empty path&quot;" file="/home/mariusz/mcp-php-server/tests/Integration/HTTPAPITest.php" line="318" class="Tests\Integration\HTTPAPITest" classname="Tests.Integration.HTTPAPITest" assertions="3" time="0.017528"/>
          <testcase name="testToolParameterValidation with data set &quot;write file empty path&quot;" file="/home/mariusz/mcp-php-server/tests/Integration/HTTPAPITest.php" line="318" class="Tests\Integration\HTTPAPITest" classname="Tests.Integration.HTTPAPITest" assertions="3" time="0.017274"/>
          <testcase name="testToolParameterValidation with data set &quot;get weather empty city&quot;" file="/home/mariusz/mcp-php-server/tests/Integration/HTTPAPITest.php" line="318" class="Tests\Integration\HTTPAPITest" classname="Tests.Integration.HTTPAPITest" assertions="3" time="0.015391"/>
        </testsuite>
      </testsuite>
    </testsuite>
  </testsuite>
</testsuites>
