<?xml version="1.0" encoding="UTF-8"?>
<testsuites>
  <testsuite name="/home/mariusz/mcp-php-server/tests/phpunit.xml" tests="196" assertions="589" errors="0" failures="0" skipped="0" time="26.165405">
    <testsuite name="Unit" tests="158" assertions="437" errors="0" failures="0" skipped="0" time="19.189060">
      <testsuite name="Tests\Unit\MCPServerHTTPTest" file="/home/mariusz/mcp-php-server/tests/Unit/MCPServerHTTPTest.php" tests="27" assertions="72" errors="0" failures="0" skipped="0" time="8.595247">
        <testcase name="testHelloToolReturnsGreeting" file="/home/mariusz/mcp-php-server/tests/Unit/MCPServerHTTPTest.php" line="47" class="Tests\Unit\MCPServerHTTPTest" classname="Tests.Unit.MCPServerHTTPTest" assertions="1" time="0.004388"/>
        <testcase name="testGetTimeReturnsCurrentTime" file="/home/mariusz/mcp-php-server/tests/Unit/MCPServerHTTPTest.php" line="59" class="Tests\Unit\MCPServerHTTPTest" classname="Tests.Unit.MCPServerHTTPTest" assertions="2" time="0.000315"/>
        <testcase name="testCalculateToolDivisionByZero" file="/home/mariusz/mcp-php-server/tests/Unit/MCPServerHTTPTest.php" line="90" class="Tests\Unit\MCPServerHTTPTest" classname="Tests.Unit.MCPServerHTTPTest" assertions="1" time="0.000125"/>
        <testcase name="testCalculateToolUnknownOperation" file="/home/mariusz/mcp-php-server/tests/Unit/MCPServerHTTPTest.php" line="101" class="Tests\Unit\MCPServerHTTPTest" classname="Tests.Unit.MCPServerHTTPTest" assertions="1" time="0.000086"/>
        <testcase name="testListFilesWithCurrentDirectory" file="/home/mariusz/mcp-php-server/tests/Unit/MCPServerHTTPTest.php" line="112" class="Tests\Unit\MCPServerHTTPTest" classname="Tests.Unit.MCPServerHTTPTest" assertions="4" time="0.000243"/>
        <testcase name="testListFilesWithSubdirectory" file="/home/mariusz/mcp-php-server/tests/Unit/MCPServerHTTPTest.php" line="122" class="Tests\Unit\MCPServerHTTPTest" classname="Tests.Unit.MCPServerHTTPTest" assertions="2" time="0.000222"/>
        <testcase name="testListFilesWithDefaultPath" file="/home/mariusz/mcp-php-server/tests/Unit/MCPServerHTTPTest.php" line="130" class="Tests\Unit\MCPServerHTTPTest" classname="Tests.Unit.MCPServerHTTPTest" assertions="1" time="0.000193"/>
        <testcase name="testReadFileWithValidFile" file="/home/mariusz/mcp-php-server/tests/Unit/MCPServerHTTPTest.php" line="137" class="Tests\Unit\MCPServerHTTPTest" classname="Tests.Unit.MCPServerHTTPTest" assertions="4" time="0.000174"/>
        <testcase name="testReadFileWithNonExistentFile" file="/home/mariusz/mcp-php-server/tests/Unit/MCPServerHTTPTest.php" line="147" class="Tests\Unit\MCPServerHTTPTest" classname="Tests.Unit.MCPServerHTTPTest" assertions="2" time="0.000315"/>
        <testcase name="testWriteFileCreatesAndReadsFile" file="/home/mariusz/mcp-php-server/tests/Unit/MCPServerHTTPTest.php" line="155" class="Tests\Unit\MCPServerHTTPTest" classname="Tests.Unit.MCPServerHTTPTest" assertions="3" time="0.000341"/>
        <testcase name="testSystemInfoReturnsValidInfo" file="/home/mariusz/mcp-php-server/tests/Unit/MCPServerHTTPTest.php" line="177" class="Tests\Unit\MCPServerHTTPTest" classname="Tests.Unit.MCPServerHTTPTest" assertions="5" time="0.000144"/>
        <testcase name="testJsonParseWithValidJson" file="/home/mariusz/mcp-php-server/tests/Unit/MCPServerHTTPTest.php" line="188" class="Tests\Unit\MCPServerHTTPTest" classname="Tests.Unit.MCPServerHTTPTest" assertions="4" time="0.000111"/>
        <testcase name="testJsonParseWithInvalidJson" file="/home/mariusz/mcp-php-server/tests/Unit/MCPServerHTTPTest.php" line="199" class="Tests\Unit\MCPServerHTTPTest" classname="Tests.Unit.MCPServerHTTPTest" assertions="1" time="0.000099"/>
        <testcase name="testGetWeatherWithValidCity" file="/home/mariusz/mcp-php-server/tests/Unit/MCPServerHTTPTest.php" line="207" class="Tests\Unit\MCPServerHTTPTest" classname="Tests.Unit.MCPServerHTTPTest" assertions="8" time="0.000126"/>
        <testcase name="testGetWeatherWithEmptyCity" file="/home/mariusz/mcp-php-server/tests/Unit/MCPServerHTTPTest.php" line="221" class="Tests\Unit\MCPServerHTTPTest" classname="Tests.Unit.MCPServerHTTPTest" assertions="1" time="0.000086"/>
        <testcase name="testHttpRequestWithEmptyUrl" file="/home/mariusz/mcp-php-server/tests/Unit/MCPServerHTTPTest.php" line="243" class="Tests\Unit\MCPServerHTTPTest" classname="Tests.Unit.MCPServerHTTPTest" assertions="1" time="0.000077"/>
        <testcase name="testExecuteUnknownToolThrowsException" file="/home/mariusz/mcp-php-server/tests/Unit/MCPServerHTTPTest.php" line="250" class="Tests\Unit\MCPServerHTTPTest" classname="Tests.Unit.MCPServerHTTPTest" assertions="2" time="0.000130"/>
        <testcase name="testFileOperationSecurityPreventsPathTraversal" file="/home/mariusz/mcp-php-server/tests/Unit/MCPServerHTTPTest.php" line="258" class="Tests\Unit\MCPServerHTTPTest" classname="Tests.Unit.MCPServerHTTPTest" assertions="2" time="0.000190"/>
        <testcase name="testToolExecutionFailureIsMonitored" file="/home/mariusz/mcp-php-server/tests/Unit/MCPServerHTTPTest.php" line="280" class="Tests\Unit\MCPServerHTTPTest" classname="Tests.Unit.MCPServerHTTPTest" assertions="2" time="0.000825"/>
        <testcase name="testGetToolsReturnsAllRegisteredTools" file="/home/mariusz/mcp-php-server/tests/Unit/MCPServerHTTPTest.php" line="27" class="Tests\Unit\MCPServerHTTPTest" classname="Tests.Unit.MCPServerHTTPTest" assertions="13" time="0.000918"/>
        <testcase name="testHelloToolWithDefaultName" file="/home/mariusz/mcp-php-server/tests/Unit/MCPServerHTTPTest.php" line="53" class="Tests\Unit\MCPServerHTTPTest" classname="Tests.Unit.MCPServerHTTPTest" assertions="1" time="0.000104"/>
        <testcase name="testToolExecutionIsMonitored" file="/home/mariusz/mcp-php-server/tests/Unit/MCPServerHTTPTest.php" line="267" class="Tests\Unit\MCPServerHTTPTest" classname="Tests.Unit.MCPServerHTTPTest" assertions="2" time="0.000142"/>
        <testcase name="testHttpRequestWithValidUrl" file="/home/mariusz/mcp-php-server/tests/Unit/MCPServerHTTPTest.php" line="228" class="Tests\Unit\MCPServerHTTPTest" classname="Tests.Unit.MCPServerHTTPTest" assertions="5" time="8.585270"/>
        <testsuite name="Tests\Unit\MCPServerHTTPTest::testCalculateTool" tests="4" assertions="4" errors="0" failures="0" skipped="0" time="0.000624">
          <testcase name="testCalculateTool with data set #0" file="/home/mariusz/mcp-php-server/tests/Unit/MCPServerHTTPTest.php" line="69" class="Tests\Unit\MCPServerHTTPTest" classname="Tests.Unit.MCPServerHTTPTest" assertions="1" time="0.000264"/>
          <testcase name="testCalculateTool with data set #1" file="/home/mariusz/mcp-php-server/tests/Unit/MCPServerHTTPTest.php" line="69" class="Tests\Unit\MCPServerHTTPTest" classname="Tests.Unit.MCPServerHTTPTest" assertions="1" time="0.000129"/>
          <testcase name="testCalculateTool with data set #2" file="/home/mariusz/mcp-php-server/tests/Unit/MCPServerHTTPTest.php" line="69" class="Tests\Unit\MCPServerHTTPTest" classname="Tests.Unit.MCPServerHTTPTest" assertions="1" time="0.000105"/>
          <testcase name="testCalculateTool with data set #3" file="/home/mariusz/mcp-php-server/tests/Unit/MCPServerHTTPTest.php" line="69" class="Tests\Unit\MCPServerHTTPTest" classname="Tests.Unit.MCPServerHTTPTest" assertions="1" time="0.000126"/>
        </testsuite>
      </testsuite>
      <testsuite name="Tests\Unit\Services\ToolRegistryTest" file="/home/mariusz/mcp-php-server/tests/Unit/Services/ToolRegistryTest.php" tests="6" assertions="13" errors="0" failures="0" skipped="0" time="0.002880">
        <testcase name="testGetToolsContainsRequiredFields" file="/home/mariusz/mcp-php-server/tests/Unit/Services/ToolRegistryTest.php" line="57" class="Tests\Unit\Services\ToolRegistryTest" classname="Tests.Unit.Services.ToolRegistryTest" assertions="3" time="0.001883"/>
        <testcase name="testExecuteToolThrowsExceptionForUnknownTool" file="/home/mariusz/mcp-php-server/tests/Unit/Services/ToolRegistryTest.php" line="38" class="Tests\Unit\Services\ToolRegistryTest" classname="Tests.Unit.Services.ToolRegistryTest" assertions="2" time="0.000101"/>
        <testcase name="testExecuteToolReturnsCorrectFormat" file="/home/mariusz/mcp-php-server/tests/Unit/Services/ToolRegistryTest.php" line="46" class="Tests\Unit\Services\ToolRegistryTest" classname="Tests.Unit.Services.ToolRegistryTest" assertions="1" time="0.000060"/>
        <testcase name="testGetTools" file="/home/mariusz/mcp-php-server/tests/Unit/Services/ToolRegistryTest.php" line="17" class="Tests\Unit\Services\ToolRegistryTest" classname="Tests.Unit.Services.ToolRegistryTest" assertions="2" time="0.000634"/>
        <testcase name="testHasTool" file="/home/mariusz/mcp-php-server/tests/Unit/Services/ToolRegistryTest.php" line="24" class="Tests\Unit\Services\ToolRegistryTest" classname="Tests.Unit.Services.ToolRegistryTest" assertions="4" time="0.000141"/>
        <testcase name="testExecuteTool" file="/home/mariusz/mcp-php-server/tests/Unit/Services/ToolRegistryTest.php" line="32" class="Tests\Unit\Services\ToolRegistryTest" classname="Tests.Unit.Services.ToolRegistryTest" assertions="1" time="0.000062"/>
      </testsuite>
      <testsuite name="Tests\Unit\Tools\GitHubToolTest" file="/home/mariusz/mcp-php-server/tests/Unit/Tools/GitHubToolTest.php" tests="29" assertions="71" errors="0" failures="0" skipped="0" time="5.713824">
        <testcase name="testExecuteWithRepoContentsPath" file="/home/mariusz/mcp-php-server/tests/Unit/Tools/GitHubToolTest.php" line="295" class="Tests\Unit\Tools\GitHubToolTest" classname="Tests.Unit.Tools.GitHubToolTest" assertions="1" time="0.259022"/>
        <testcase name="testExecuteWithGetRepoContentsAction" file="/home/mariusz/mcp-php-server/tests/Unit/Tools/GitHubToolTest.php" line="197" class="Tests\Unit\Tools\GitHubToolTest" classname="Tests.Unit.Tools.GitHubToolTest" assertions="2" time="0.234496"/>
        <testcase name="testGetName" file="/home/mariusz/mcp-php-server/tests/Unit/Tools/GitHubToolTest.php" line="17" class="Tests\Unit\Tools\GitHubToolTest" classname="Tests.Unit.Tools.GitHubToolTest" assertions="1" time="0.000117"/>
        <testcase name="testGetDescription" file="/home/mariusz/mcp-php-server/tests/Unit/Tools/GitHubToolTest.php" line="22" class="Tests\Unit\Tools\GitHubToolTest" classname="Tests.Unit.Tools.GitHubToolTest" assertions="1" time="0.000092"/>
        <testcase name="testIsEnabled" file="/home/mariusz/mcp-php-server/tests/Unit/Tools/GitHubToolTest.php" line="27" class="Tests\Unit\Tools\GitHubToolTest" classname="Tests.Unit.Tools.GitHubToolTest" assertions="1" time="0.000078"/>
        <testcase name="testExecuteWithDefaultAction" file="/home/mariusz/mcp-php-server/tests/Unit/Tools/GitHubToolTest.php" line="63" class="Tests\Unit\Tools\GitHubToolTest" classname="Tests.Unit.Tools.GitHubToolTest" assertions="2" time="0.000121"/>
        <testcase name="testExecuteWithInfoAction" file="/home/mariusz/mcp-php-server/tests/Unit/Tools/GitHubToolTest.php" line="72" class="Tests\Unit\Tools\GitHubToolTest" classname="Tests.Unit.Tools.GitHubToolTest" assertions="4" time="0.000120"/>
        <testcase name="testExecuteWithGetUserInfoActionThrowsExceptionWithoutUsername" file="/home/mariusz/mcp-php-server/tests/Unit/Tools/GitHubToolTest.php" line="91" class="Tests\Unit\Tools\GitHubToolTest" classname="Tests.Unit.Tools.GitHubToolTest" assertions="2" time="0.000156"/>
        <testcase name="testExecuteWithGetRepoInfoActionThrowsExceptionWithoutOwner" file="/home/mariusz/mcp-php-server/tests/Unit/Tools/GitHubToolTest.php" line="112" class="Tests\Unit\Tools\GitHubToolTest" classname="Tests.Unit.Tools.GitHubToolTest" assertions="2" time="0.000107"/>
        <testcase name="testExecuteWithGetRepoInfoActionThrowsExceptionWithoutRepo" file="/home/mariusz/mcp-php-server/tests/Unit/Tools/GitHubToolTest.php" line="120" class="Tests\Unit\Tools\GitHubToolTest" classname="Tests.Unit.Tools.GitHubToolTest" assertions="2" time="0.000113"/>
        <testcase name="testExecuteWithListUserReposActionThrowsExceptionWithoutUsername" file="/home/mariusz/mcp-php-server/tests/Unit/Tools/GitHubToolTest.php" line="140" class="Tests\Unit\Tools\GitHubToolTest" classname="Tests.Unit.Tools.GitHubToolTest" assertions="2" time="0.000106"/>
        <testcase name="testExecuteWithListRepoCommitsActionThrowsExceptionWithoutOwner" file="/home/mariusz/mcp-php-server/tests/Unit/Tools/GitHubToolTest.php" line="161" class="Tests\Unit\Tools\GitHubToolTest" classname="Tests.Unit.Tools.GitHubToolTest" assertions="2" time="0.000130"/>
        <testcase name="testExecuteWithListRepoCommitsActionThrowsExceptionWithoutRepo" file="/home/mariusz/mcp-php-server/tests/Unit/Tools/GitHubToolTest.php" line="169" class="Tests\Unit\Tools\GitHubToolTest" classname="Tests.Unit.Tools.GitHubToolTest" assertions="2" time="0.000162"/>
        <testcase name="testExecuteWithSearchRepositoriesActionThrowsExceptionWithoutQuery" file="/home/mariusz/mcp-php-server/tests/Unit/Tools/GitHubToolTest.php" line="189" class="Tests\Unit\Tools\GitHubToolTest" classname="Tests.Unit.Tools.GitHubToolTest" assertions="2" time="0.000144"/>
        <testcase name="testExecuteWithGetRepoContentsActionThrowsExceptionWithoutOwner" file="/home/mariusz/mcp-php-server/tests/Unit/Tools/GitHubToolTest.php" line="212" class="Tests\Unit\Tools\GitHubToolTest" classname="Tests.Unit.Tools.GitHubToolTest" assertions="2" time="0.000108"/>
        <testcase name="testExecuteWithGetRepoContentsActionThrowsExceptionWithoutRepo" file="/home/mariusz/mcp-php-server/tests/Unit/Tools/GitHubToolTest.php" line="220" class="Tests\Unit\Tools\GitHubToolTest" classname="Tests.Unit.Tools.GitHubToolTest" assertions="2" time="0.000134"/>
        <testcase name="testExecuteWithUnknownActionThrowsException" file="/home/mariusz/mcp-php-server/tests/Unit/Tools/GitHubToolTest.php" line="228" class="Tests\Unit\Tools\GitHubToolTest" classname="Tests.Unit.Tools.GitHubToolTest" assertions="2" time="0.000102"/>
        <testcase name="testGetSchema" file="/home/mariusz/mcp-php-server/tests/Unit/Tools/GitHubToolTest.php" line="32" class="Tests\Unit\Tools\GitHubToolTest" classname="Tests.Unit.Tools.GitHubToolTest" assertions="20" time="0.000764"/>
        <testcase name="testExecuteWithGetUserInfoAction" file="/home/mariusz/mcp-php-server/tests/Unit/Tools/GitHubToolTest.php" line="82" class="Tests\Unit\Tools\GitHubToolTest" classname="Tests.Unit.Tools.GitHubToolTest" assertions="2" time="0.233836"/>
        <testcase name="testExecuteWithTokenParameter" file="/home/mariusz/mcp-php-server/tests/Unit/Tools/GitHubToolTest.php" line="257" class="Tests\Unit\Tools\GitHubToolTest" classname="Tests.Unit.Tools.GitHubToolTest" assertions="1" time="0.205009"/>
        <testcase name="testExecuteHandlesInvalidUsername" file="/home/mariusz/mcp-php-server/tests/Unit/Tools/GitHubToolTest.php" line="236" class="Tests\Unit\Tools\GitHubToolTest" classname="Tests.Unit.Tools.GitHubToolTest" assertions="1" time="0.218151"/>
        <testcase name="testExecuteHandlesInvalidRepository" file="/home/mariusz/mcp-php-server/tests/Unit/Tools/GitHubToolTest.php" line="246" class="Tests\Unit\Tools\GitHubToolTest" classname="Tests.Unit.Tools.GitHubToolTest" assertions="1" time="0.230154"/>
        <testcase name="testExecuteHandlesNetworkErrorsGracefully" file="/home/mariusz/mcp-php-server/tests/Unit/Tools/GitHubToolTest.php" line="307" class="Tests\Unit\Tools\GitHubToolTest" classname="Tests.Unit.Tools.GitHubToolTest" assertions="2" time="0.121451"/>
        <testcase name="testExecuteWithListRepoCommitsAction" file="/home/mariusz/mcp-php-server/tests/Unit/Tools/GitHubToolTest.php" line="148" class="Tests\Unit\Tools\GitHubToolTest" classname="Tests.Unit.Tools.GitHubToolTest" assertions="2" time="0.254269"/>
        <testcase name="testExecuteWithGetRepoInfoAction" file="/home/mariusz/mcp-php-server/tests/Unit/Tools/GitHubToolTest.php" line="99" class="Tests\Unit\Tools\GitHubToolTest" classname="Tests.Unit.Tools.GitHubToolTest" assertions="2" time="0.265510"/>
        <testcase name="testExecuteWithPagination" file="/home/mariusz/mcp-php-server/tests/Unit/Tools/GitHubToolTest.php" line="269" class="Tests\Unit\Tools\GitHubToolTest" classname="Tests.Unit.Tools.GitHubToolTest" assertions="2" time="0.318178"/>
        <testcase name="testExecuteWithListUserReposAction" file="/home/mariusz/mcp-php-server/tests/Unit/Tools/GitHubToolTest.php" line="128" class="Tests\Unit\Tools\GitHubToolTest" classname="Tests.Unit.Tools.GitHubToolTest" assertions="2" time="0.357610"/>
        <testcase name="testExecuteWithSearchRepositoriesAction" file="/home/mariusz/mcp-php-server/tests/Unit/Tools/GitHubToolTest.php" line="177" class="Tests\Unit\Tools\GitHubToolTest" classname="Tests.Unit.Tools.GitHubToolTest" assertions="2" time="0.520934"/>
        <testcase name="testExecuteWithMaxPaginationLimits" file="/home/mariusz/mcp-php-server/tests/Unit/Tools/GitHubToolTest.php" line="282" class="Tests\Unit\Tools\GitHubToolTest" classname="Tests.Unit.Tools.GitHubToolTest" assertions="2" time="2.492650"/>
      </testsuite>
      <testsuite name="Tests\Unit\ValueObjects\SystemInfoTest" file="/home/mariusz/mcp-php-server/tests/Unit/ValueObjects/SystemInfoTest.php" tests="2" assertions="16" errors="0" failures="0" skipped="0" time="0.000750">
        <testcase name="testSystemInfoToArray" file="/home/mariusz/mcp-php-server/tests/Unit/ValueObjects/SystemInfoTest.php" line="33" class="Tests\Unit\ValueObjects\SystemInfoTest" classname="Tests.Unit.ValueObjects.SystemInfoTest" assertions="11" time="0.000491"/>
        <testcase name="testSystemInfoCreation" file="/home/mariusz/mcp-php-server/tests/Unit/ValueObjects/SystemInfoTest.php" line="10" class="Tests\Unit\ValueObjects\SystemInfoTest" classname="Tests.Unit.ValueObjects.SystemInfoTest" assertions="5" time="0.000259"/>
      </testsuite>
      <testsuite name="Tests\Unit\ToolServiceTest" file="/home/mariusz/mcp-php-server/tests/Unit/ToolServiceTest.php" tests="24" assertions="61" errors="0" failures="0" skipped="0" time="0.006553">
        <testcase name="testToolExecutionFailureIsLogged" file="/home/mariusz/mcp-php-server/tests/Unit/ToolServiceTest.php" line="252" class="Tests\Unit\ToolServiceTest" classname="Tests.Unit.ToolServiceTest" assertions="5" time="0.002461"/>
        <testcase name="testListFilesWithCurrentDirectory" file="/home/mariusz/mcp-php-server/tests/Unit/ToolServiceTest.php" line="109" class="Tests\Unit\ToolServiceTest" classname="Tests.Unit.ToolServiceTest" assertions="4" time="0.000400"/>
        <testsuite name="Tests\Unit\ToolServiceTest::testCalculateTool" tests="4" assertions="4" errors="0" failures="0" skipped="0" time="0.000573">
          <testcase name="testCalculateTool with data set #0" file="/home/mariusz/mcp-php-server/tests/Unit/ToolServiceTest.php" line="66" class="Tests\Unit\ToolServiceTest" classname="Tests.Unit.ToolServiceTest" assertions="1" time="0.000160"/>
          <testcase name="testCalculateTool with data set #1" file="/home/mariusz/mcp-php-server/tests/Unit/ToolServiceTest.php" line="66" class="Tests\Unit\ToolServiceTest" classname="Tests.Unit.ToolServiceTest" assertions="1" time="0.000160"/>
          <testcase name="testCalculateTool with data set #2" file="/home/mariusz/mcp-php-server/tests/Unit/ToolServiceTest.php" line="66" class="Tests\Unit\ToolServiceTest" classname="Tests.Unit.ToolServiceTest" assertions="1" time="0.000132"/>
          <testcase name="testCalculateTool with data set #3" file="/home/mariusz/mcp-php-server/tests/Unit/ToolServiceTest.php" line="66" class="Tests\Unit\ToolServiceTest" classname="Tests.Unit.ToolServiceTest" assertions="1" time="0.000122"/>
        </testsuite>
        <testcase name="testHelloToolReturnsGreeting" file="/home/mariusz/mcp-php-server/tests/Unit/ToolServiceTest.php" line="28" class="Tests\Unit\ToolServiceTest" classname="Tests.Unit.ToolServiceTest" assertions="4" time="0.000154"/>
        <testcase name="testHelloToolWithDefaultName" file="/home/mariusz/mcp-php-server/tests/Unit/ToolServiceTest.php" line="40" class="Tests\Unit\ToolServiceTest" classname="Tests.Unit.ToolServiceTest" assertions="1" time="0.000134"/>
        <testcase name="testGetTimeReturnsCurrentTime" file="/home/mariusz/mcp-php-server/tests/Unit/ToolServiceTest.php" line="46" class="Tests\Unit\ToolServiceTest" classname="Tests.Unit.ToolServiceTest" assertions="2" time="0.000134"/>
        <testcase name="testGetTimeWithCustomFormat" file="/home/mariusz/mcp-php-server/tests/Unit/ToolServiceTest.php" line="53" class="Tests\Unit\ToolServiceTest" classname="Tests.Unit.ToolServiceTest" assertions="2" time="0.000134"/>
        <testcase name="testCalculateToolDivisionByZero" file="/home/mariusz/mcp-php-server/tests/Unit/ToolServiceTest.php" line="87" class="Tests\Unit\ToolServiceTest" classname="Tests.Unit.ToolServiceTest" assertions="1" time="0.000120"/>
        <testcase name="testCalculateToolUnknownOperation" file="/home/mariusz/mcp-php-server/tests/Unit/ToolServiceTest.php" line="98" class="Tests\Unit\ToolServiceTest" classname="Tests.Unit.ToolServiceTest" assertions="1" time="0.000164"/>
        <testcase name="testReadFileWithValidFile" file="/home/mariusz/mcp-php-server/tests/Unit/ToolServiceTest.php" line="119" class="Tests\Unit\ToolServiceTest" classname="Tests.Unit.ToolServiceTest" assertions="3" time="0.000278"/>
        <testcase name="testReadFileWithNonExistentFile" file="/home/mariusz/mcp-php-server/tests/Unit/ToolServiceTest.php" line="128" class="Tests\Unit\ToolServiceTest" classname="Tests.Unit.ToolServiceTest" assertions="2" time="0.000148"/>
        <testcase name="testWriteFileCreatesAndReadsFile" file="/home/mariusz/mcp-php-server/tests/Unit/ToolServiceTest.php" line="136" class="Tests\Unit\ToolServiceTest" classname="Tests.Unit.ToolServiceTest" assertions="1" time="0.000331"/>
        <testcase name="testSystemInfoReturnsValidInfo" file="/home/mariusz/mcp-php-server/tests/Unit/ToolServiceTest.php" line="152" class="Tests\Unit\ToolServiceTest" classname="Tests.Unit.ToolServiceTest" assertions="5" time="0.000212"/>
        <testcase name="testJsonParseWithValidJson" file="/home/mariusz/mcp-php-server/tests/Unit/ToolServiceTest.php" line="163" class="Tests\Unit\ToolServiceTest" classname="Tests.Unit.ToolServiceTest" assertions="4" time="0.000275"/>
        <testcase name="testJsonParseWithInvalidJson" file="/home/mariusz/mcp-php-server/tests/Unit/ToolServiceTest.php" line="174" class="Tests\Unit\ToolServiceTest" classname="Tests.Unit.ToolServiceTest" assertions="2" time="0.000163"/>
        <testcase name="testGetWeatherWithValidCity" file="/home/mariusz/mcp-php-server/tests/Unit/ToolServiceTest.php" line="183" class="Tests\Unit\ToolServiceTest" classname="Tests.Unit.ToolServiceTest" assertions="7" time="0.000226"/>
        <testcase name="testGetWeatherWithEmptyCity" file="/home/mariusz/mcp-php-server/tests/Unit/ToolServiceTest.php" line="196" class="Tests\Unit\ToolServiceTest" classname="Tests.Unit.ToolServiceTest" assertions="2" time="0.000134"/>
        <testcase name="testExecuteUnknownToolThrowsException" file="/home/mariusz/mcp-php-server/tests/Unit/ToolServiceTest.php" line="204" class="Tests\Unit\ToolServiceTest" classname="Tests.Unit.ToolServiceTest" assertions="2" time="0.000110"/>
        <testcase name="testExecuteDisabledToolThrowsException" file="/home/mariusz/mcp-php-server/tests/Unit/ToolServiceTest.php" line="212" class="Tests\Unit\ToolServiceTest" classname="Tests.Unit.ToolServiceTest" assertions="2" time="0.000100"/>
        <testcase name="testFileOperationSecurityPreventsPathTraversal" file="/home/mariusz/mcp-php-server/tests/Unit/ToolServiceTest.php" line="229" class="Tests\Unit\ToolServiceTest" classname="Tests.Unit.ToolServiceTest" assertions="2" time="0.000138"/>
        <testcase name="testToolExecutionIsLogged" file="/home/mariusz/mcp-php-server/tests/Unit/ToolServiceTest.php" line="238" class="Tests\Unit\ToolServiceTest" classname="Tests.Unit.ToolServiceTest" assertions="5" time="0.000165"/>
      </testsuite>
      <testsuite name="Tests\Unit\Tools\BraveSearchToolTest" file="/home/mariusz/mcp-php-server/tests/Unit/Tools/BraveSearchToolTest.php" tests="11" assertions="22" errors="0" failures="0" skipped="0" time="1.869186">
        <testcase name="testExecuteWithoutApiKey" file="/home/mariusz/mcp-php-server/tests/Unit/Tools/BraveSearchToolTest.php" line="46" class="Tests\Unit\Tools\BraveSearchToolTest" classname="Tests.Unit.Tools.BraveSearchToolTest" assertions="2" time="0.439170"/>
        <testcase name="testDefaultCountParameter" file="/home/mariusz/mcp-php-server/tests/Unit/Tools/BraveSearchToolTest.php" line="114" class="Tests\Unit\Tools\BraveSearchToolTest" classname="Tests.Unit.Tools.BraveSearchToolTest" assertions="1" time="0.487744"/>
        <testcase name="testCountParameterLimits" file="/home/mariusz/mcp-php-server/tests/Unit/Tools/BraveSearchToolTest.php" line="100" class="Tests\Unit\Tools\BraveSearchToolTest" classname="Tests.Unit.Tools.BraveSearchToolTest" assertions="1" time="0.456336"/>
        <testcase name="testExecuteWithCountParameter" file="/home/mariusz/mcp-php-server/tests/Unit/Tools/BraveSearchToolTest.php" line="87" class="Tests\Unit\Tools\BraveSearchToolTest" classname="Tests.Unit.Tools.BraveSearchToolTest" assertions="1" time="0.485317"/>
        <testcase name="testGetName" file="/home/mariusz/mcp-php-server/tests/Unit/Tools/BraveSearchToolTest.php" line="17" class="Tests\Unit\Tools\BraveSearchToolTest" classname="Tests.Unit.Tools.BraveSearchToolTest" assertions="1" time="0.000105"/>
        <testcase name="testGetDescription" file="/home/mariusz/mcp-php-server/tests/Unit/Tools/BraveSearchToolTest.php" line="22" class="Tests\Unit\Tools\BraveSearchToolTest" classname="Tests.Unit.Tools.BraveSearchToolTest" assertions="1" time="0.000065"/>
        <testcase name="testGetSchema" file="/home/mariusz/mcp-php-server/tests/Unit/Tools/BraveSearchToolTest.php" line="27" class="Tests\Unit\Tools\BraveSearchToolTest" classname="Tests.Unit.Tools.BraveSearchToolTest" assertions="8" time="0.000170"/>
        <testcase name="testIsEnabled" file="/home/mariusz/mcp-php-server/tests/Unit/Tools/BraveSearchToolTest.php" line="41" class="Tests\Unit\Tools\BraveSearchToolTest" classname="Tests.Unit.Tools.BraveSearchToolTest" assertions="1" time="0.000056"/>
        <testcase name="testExecuteWithoutQuery" file="/home/mariusz/mcp-php-server/tests/Unit/Tools/BraveSearchToolTest.php" line="61" class="Tests\Unit\Tools\BraveSearchToolTest" classname="Tests.Unit.Tools.BraveSearchToolTest" assertions="2" time="0.000094"/>
        <testcase name="testExecuteWithEmptyQuery" file="/home/mariusz/mcp-php-server/tests/Unit/Tools/BraveSearchToolTest.php" line="69" class="Tests\Unit\Tools\BraveSearchToolTest" classname="Tests.Unit.Tools.BraveSearchToolTest" assertions="2" time="0.000061"/>
        <testcase name="testExecuteWithValidParameters" file="/home/mariusz/mcp-php-server/tests/Unit/Tools/BraveSearchToolTest.php" line="77" class="Tests\Unit\Tools\BraveSearchToolTest" classname="Tests.Unit.Tools.BraveSearchToolTest" assertions="2" time="0.000069"/>
      </testsuite>
      <testsuite name="Tests\Unit\Interfaces\ToolInterfaceTest" file="/home/mariusz/mcp-php-server/tests/Unit/Interfaces/ToolInterfaceTest.php" tests="3" assertions="10" errors="0" failures="0" skipped="0" time="0.000270">
        <testcase name="testToolInterfaceMethodsExist" file="/home/mariusz/mcp-php-server/tests/Unit/Interfaces/ToolInterfaceTest.php" line="51" class="Tests\Unit\Interfaces\ToolInterfaceTest" classname="Tests.Unit.Interfaces.ToolInterfaceTest" assertions="5" time="0.000127"/>
        <testcase name="testToolExecution" file="/home/mariusz/mcp-php-server/tests/Unit/Interfaces/ToolInterfaceTest.php" line="60" class="Tests\Unit\Interfaces\ToolInterfaceTest" classname="Tests.Unit.Interfaces.ToolInterfaceTest" assertions="1" time="0.000061"/>
        <testcase name="testToolMetadata" file="/home/mariusz/mcp-php-server/tests/Unit/Interfaces/ToolInterfaceTest.php" line="66" class="Tests\Unit\Interfaces\ToolInterfaceTest" classname="Tests.Unit.Interfaces.ToolInterfaceTest" assertions="4" time="0.000082"/>
      </testsuite>
      <testsuite name="Tests\Unit\Services\SystemInfoCollectorTest" file="/home/mariusz/mcp-php-server/tests/Unit/Services/SystemInfoCollectorTest.php" tests="8" assertions="50" errors="0" failures="0" skipped="0" time="0.053678">
        <testcase name="testPlatformInfo" file="/home/mariusz/mcp-php-server/tests/Unit/Services/SystemInfoCollectorTest.php" line="37" class="Tests\Unit\Services\SystemInfoCollectorTest" classname="Tests.Unit.Services.SystemInfoCollectorTest" assertions="7" time="0.008115"/>
        <testcase name="testCollectReturnsSystemInfoObject" file="/home/mariusz/mcp-php-server/tests/Unit/Services/SystemInfoCollectorTest.php" line="18" class="Tests\Unit\Services\SystemInfoCollectorTest" classname="Tests.Unit.Services.SystemInfoCollectorTest" assertions="1" time="0.006310"/>
        <testcase name="testCollectContainsRequiredSections" file="/home/mariusz/mcp-php-server/tests/Unit/Services/SystemInfoCollectorTest.php" line="25" class="Tests\Unit\Services\SystemInfoCollectorTest" classname="Tests.Unit.Services.SystemInfoCollectorTest" assertions="5" time="0.006616"/>
        <testcase name="testPhpInfo" file="/home/mariusz/mcp-php-server/tests/Unit/Services/SystemInfoCollectorTest.php" line="54" class="Tests\Unit\Services\SystemInfoCollectorTest" classname="Tests.Unit.Services.SystemInfoCollectorTest" assertions="9" time="0.007211"/>
        <testcase name="testResourcesInfo" file="/home/mariusz/mcp-php-server/tests/Unit/Services/SystemInfoCollectorTest.php" line="73" class="Tests\Unit\Services\SystemInfoCollectorTest" classname="Tests.Unit.Services.SystemInfoCollectorTest" assertions="12" time="0.006546"/>
        <testcase name="testSecurityInfo" file="/home/mariusz/mcp-php-server/tests/Unit/Services/SystemInfoCollectorTest.php" line="98" class="Tests\Unit\Services\SystemInfoCollectorTest" classname="Tests.Unit.Services.SystemInfoCollectorTest" assertions="6" time="0.006145"/>
        <testcase name="testExtensionsArrayContainsImportantExtensions" file="/home/mariusz/mcp-php-server/tests/Unit/Services/SystemInfoCollectorTest.php" line="113" class="Tests\Unit\Services\SystemInfoCollectorTest" classname="Tests.Unit.Services.SystemInfoCollectorTest" assertions="8" time="0.006414"/>
        <testcase name="testSystemInfoToArray" file="/home/mariusz/mcp-php-server/tests/Unit/Services/SystemInfoCollectorTest.php" line="127" class="Tests\Unit\Services\SystemInfoCollectorTest" classname="Tests.Unit.Services.SystemInfoCollectorTest" assertions="2" time="0.006320"/>
      </testsuite>
      <testsuite name="Tests\Unit\Services\TemplateRendererTest" file="/home/mariusz/mcp-php-server/tests/Unit/Services/TemplateRendererTest.php" tests="6" assertions="10" errors="0" failures="0" skipped="0" time="0.002114">
        <testcase name="testExistsWithExistingTemplate" file="/home/mariusz/mcp-php-server/tests/Unit/Services/TemplateRendererTest.php" line="34" class="Tests\Unit\Services\TemplateRendererTest" classname="Tests.Unit.Services.TemplateRendererTest" assertions="1" time="0.000575"/>
        <testcase name="testExistsWithNonExistingTemplate" file="/home/mariusz/mcp-php-server/tests/Unit/Services/TemplateRendererTest.php" line="42" class="Tests\Unit\Services\TemplateRendererTest" classname="Tests.Unit.Services.TemplateRendererTest" assertions="1" time="0.000392"/>
        <testcase name="testRenderWithVariables" file="/home/mariusz/mcp-php-server/tests/Unit/Services/TemplateRendererTest.php" line="49" class="Tests\Unit\Services\TemplateRendererTest" classname="Tests.Unit.Services.TemplateRendererTest" assertions="1" time="0.000320"/>
        <testcase name="testRenderWithoutVariables" file="/home/mariusz/mcp-php-server/tests/Unit/Services/TemplateRendererTest.php" line="59" class="Tests\Unit\Services\TemplateRendererTest" classname="Tests.Unit.Services.TemplateRendererTest" assertions="1" time="0.000283"/>
        <testcase name="testRenderWithComplexTemplate" file="/home/mariusz/mcp-php-server/tests/Unit/Services/TemplateRendererTest.php" line="69" class="Tests\Unit\Services\TemplateRendererTest" classname="Tests.Unit.Services.TemplateRendererTest" assertions="4" time="0.000303"/>
        <testcase name="testRenderThrowsExceptionForNonExistentTemplate" file="/home/mariusz/mcp-php-server/tests/Unit/Services/TemplateRendererTest.php" line="93" class="Tests\Unit\Services\TemplateRendererTest" classname="Tests.Unit.Services.TemplateRendererTest" assertions="2" time="0.000240"/>
      </testsuite>
      <testsuite name="Tests\Unit\Tools\HelloToolTest" file="/home/mariusz/mcp-php-server/tests/Unit/Tools/HelloToolTest.php" tests="6" assertions="8" errors="0" failures="0" skipped="0" time="0.000363">
        <testcase name="testGetName" file="/home/mariusz/mcp-php-server/tests/Unit/Tools/HelloToolTest.php" line="17" class="Tests\Unit\Tools\HelloToolTest" classname="Tests.Unit.Tools.HelloToolTest" assertions="1" time="0.000059"/>
        <testcase name="testGetDescription" file="/home/mariusz/mcp-php-server/tests/Unit/Tools/HelloToolTest.php" line="22" class="Tests\Unit\Tools\HelloToolTest" classname="Tests.Unit.Tools.HelloToolTest" assertions="1" time="0.000052"/>
        <testcase name="testExecuteWithName" file="/home/mariusz/mcp-php-server/tests/Unit/Tools/HelloToolTest.php" line="27" class="Tests\Unit\Tools\HelloToolTest" classname="Tests.Unit.Tools.HelloToolTest" assertions="1" time="0.000081"/>
        <testcase name="testExecuteWithoutName" file="/home/mariusz/mcp-php-server/tests/Unit/Tools/HelloToolTest.php" line="33" class="Tests\Unit\Tools\HelloToolTest" classname="Tests.Unit.Tools.HelloToolTest" assertions="1" time="0.000051"/>
        <testcase name="testGetSchema" file="/home/mariusz/mcp-php-server/tests/Unit/Tools/HelloToolTest.php" line="39" class="Tests\Unit\Tools\HelloToolTest" classname="Tests.Unit.Tools.HelloToolTest" assertions="3" time="0.000077"/>
        <testcase name="testIsEnabled" file="/home/mariusz/mcp-php-server/tests/Unit/Tools/HelloToolTest.php" line="47" class="Tests\Unit\Tools\HelloToolTest" classname="Tests.Unit.Tools.HelloToolTest" assertions="1" time="0.000044"/>
      </testsuite>
      <testsuite name="Tests\Unit\Tools\PlaywrightToolTest" file="/home/mariusz/mcp-php-server/tests/Unit/Tools/PlaywrightToolTest.php" tests="29" assertions="73" errors="0" failures="0" skipped="0" time="2.943665">
        <testcase name="testGetName" file="/home/mariusz/mcp-php-server/tests/Unit/Tools/PlaywrightToolTest.php" line="18" class="Tests\Unit\Tools\PlaywrightToolTest" classname="Tests.Unit.Tools.PlaywrightToolTest" assertions="1" time="0.000061"/>
        <testcase name="testGetDescription" file="/home/mariusz/mcp-php-server/tests/Unit/Tools/PlaywrightToolTest.php" line="23" class="Tests\Unit\Tools\PlaywrightToolTest" classname="Tests.Unit.Tools.PlaywrightToolTest" assertions="1" time="0.000051"/>
        <testcase name="testIsEnabled" file="/home/mariusz/mcp-php-server/tests/Unit/Tools/PlaywrightToolTest.php" line="28" class="Tests\Unit\Tools\PlaywrightToolTest" classname="Tests.Unit.Tools.PlaywrightToolTest" assertions="1" time="0.000043"/>
        <testcase name="testGetSchema" file="/home/mariusz/mcp-php-server/tests/Unit/Tools/PlaywrightToolTest.php" line="33" class="Tests\Unit\Tools\PlaywrightToolTest" classname="Tests.Unit.Tools.PlaywrightToolTest" assertions="20" time="0.000543"/>
        <testcase name="testExecuteWithNavigateActionThrowsExceptionWithoutUrl" file="/home/mariusz/mcp-php-server/tests/Unit/Tools/PlaywrightToolTest.php" line="108" class="Tests\Unit\Tools\PlaywrightToolTest" classname="Tests.Unit.Tools.PlaywrightToolTest" assertions="2" time="0.000087"/>
        <testcase name="testExecuteWithGetContentActionThrowsExceptionWithoutUrl" file="/home/mariusz/mcp-php-server/tests/Unit/Tools/PlaywrightToolTest.php" line="116" class="Tests\Unit\Tools\PlaywrightToolTest" classname="Tests.Unit.Tools.PlaywrightToolTest" assertions="2" time="0.000153"/>
        <testcase name="testExecuteWithFindElementActionThrowsExceptionWithoutUrl" file="/home/mariusz/mcp-php-server/tests/Unit/Tools/PlaywrightToolTest.php" line="124" class="Tests\Unit\Tools\PlaywrightToolTest" classname="Tests.Unit.Tools.PlaywrightToolTest" assertions="2" time="0.000140"/>
        <testcase name="testExecuteWithFindElementActionThrowsExceptionWithoutSelector" file="/home/mariusz/mcp-php-server/tests/Unit/Tools/PlaywrightToolTest.php" line="132" class="Tests\Unit\Tools\PlaywrightToolTest" classname="Tests.Unit.Tools.PlaywrightToolTest" assertions="2" time="0.000101"/>
        <testcase name="testExecuteWithClickElementActionThrowsExceptionWithoutUrl" file="/home/mariusz/mcp-php-server/tests/Unit/Tools/PlaywrightToolTest.php" line="140" class="Tests\Unit\Tools\PlaywrightToolTest" classname="Tests.Unit.Tools.PlaywrightToolTest" assertions="2" time="0.000086"/>
        <testcase name="testExecuteWithClickElementActionThrowsExceptionWithoutSelector" file="/home/mariusz/mcp-php-server/tests/Unit/Tools/PlaywrightToolTest.php" line="148" class="Tests\Unit\Tools\PlaywrightToolTest" classname="Tests.Unit.Tools.PlaywrightToolTest" assertions="2" time="0.000068"/>
        <testcase name="testExecuteWithTypeTextActionThrowsExceptionWithoutUrl" file="/home/mariusz/mcp-php-server/tests/Unit/Tools/PlaywrightToolTest.php" line="156" class="Tests\Unit\Tools\PlaywrightToolTest" classname="Tests.Unit.Tools.PlaywrightToolTest" assertions="2" time="0.000071"/>
        <testcase name="testExecuteWithTypeTextActionThrowsExceptionWithoutSelector" file="/home/mariusz/mcp-php-server/tests/Unit/Tools/PlaywrightToolTest.php" line="168" class="Tests\Unit\Tools\PlaywrightToolTest" classname="Tests.Unit.Tools.PlaywrightToolTest" assertions="2" time="0.000067"/>
        <testcase name="testExecuteWithTypeTextActionThrowsExceptionWithoutText" file="/home/mariusz/mcp-php-server/tests/Unit/Tools/PlaywrightToolTest.php" line="180" class="Tests\Unit\Tools\PlaywrightToolTest" classname="Tests.Unit.Tools.PlaywrightToolTest" assertions="2" time="0.000065"/>
        <testcase name="testExecuteWithTakeScreenshotActionThrowsExceptionWithoutUrl" file="/home/mariusz/mcp-php-server/tests/Unit/Tools/PlaywrightToolTest.php" line="192" class="Tests\Unit\Tools\PlaywrightToolTest" classname="Tests.Unit.Tools.PlaywrightToolTest" assertions="2" time="0.000059"/>
        <testcase name="testExecuteWithUnknownActionThrowsException" file="/home/mariusz/mcp-php-server/tests/Unit/Tools/PlaywrightToolTest.php" line="200" class="Tests\Unit\Tools\PlaywrightToolTest" classname="Tests.Unit.Tools.PlaywrightToolTest" assertions="2" time="0.000057"/>
        <testcase name="testExecuteWithInfoAction" file="/home/mariusz/mcp-php-server/tests/Unit/Tools/PlaywrightToolTest.php" line="74" class="Tests\Unit\Tools\PlaywrightToolTest" classname="Tests.Unit.Tools.PlaywrightToolTest" assertions="3" time="0.195684"/>
        <testcase name="testExecuteWithCheckInstallationAction" file="/home/mariusz/mcp-php-server/tests/Unit/Tools/PlaywrightToolTest.php" line="83" class="Tests\Unit\Tools\PlaywrightToolTest" classname="Tests.Unit.Tools.PlaywrightToolTest" assertions="1" time="0.186965"/>
        <testcase name="testExecuteWithDefaultAction" file="/home/mariusz/mcp-php-server/tests/Unit/Tools/PlaywrightToolTest.php" line="64" class="Tests\Unit\Tools\PlaywrightToolTest" classname="Tests.Unit.Tools.PlaywrightToolTest" assertions="3" time="0.193088"/>
        <testcase name="testExecuteWithNavigateAction" file="/home/mariusz/mcp-php-server/tests/Unit/Tools/PlaywrightToolTest.php" line="208" class="Tests\Unit\Tools\PlaywrightToolTest" classname="Tests.Unit.Tools.PlaywrightToolTest" assertions="2" time="0.217049"/>
        <testcase name="testExecuteWithFindElementAction" file="/home/mariusz/mcp-php-server/tests/Unit/Tools/PlaywrightToolTest.php" line="249" class="Tests\Unit\Tools\PlaywrightToolTest" classname="Tests.Unit.Tools.PlaywrightToolTest" assertions="2" time="0.212293"/>
        <testcase name="testExecuteWithTypeTextAction" file="/home/mariusz/mcp-php-server/tests/Unit/Tools/PlaywrightToolTest.php" line="277" class="Tests\Unit\Tools\PlaywrightToolTest" classname="Tests.Unit.Tools.PlaywrightToolTest" assertions="2" time="0.214146"/>
        <testcase name="testDefaultWaitTimeValue" file="/home/mariusz/mcp-php-server/tests/Unit/Tools/PlaywrightToolTest.php" line="324" class="Tests\Unit\Tools\PlaywrightToolTest" classname="Tests.Unit.Tools.PlaywrightToolTest" assertions="2" time="0.211830"/>
        <testcase name="testExecuteWithGetContentAction" file="/home/mariusz/mcp-php-server/tests/Unit/Tools/PlaywrightToolTest.php" line="221" class="Tests\Unit\Tools\PlaywrightToolTest" classname="Tests.Unit.Tools.PlaywrightToolTest" assertions="2" time="0.211343"/>
        <testcase name="testExecuteHandlesWSLDepsError" file="/home/mariusz/mcp-php-server/tests/Unit/Tools/PlaywrightToolTest.php" line="305" class="Tests\Unit\Tools\PlaywrightToolTest" classname="Tests.Unit.Tools.PlaywrightToolTest" assertions="3" time="0.221417"/>
        <testcase name="testExecuteWithGetContentActionWithScreenshot" file="/home/mariusz/mcp-php-server/tests/Unit/Tools/PlaywrightToolTest.php" line="235" class="Tests\Unit\Tools\PlaywrightToolTest" classname="Tests.Unit.Tools.PlaywrightToolTest" assertions="2" time="0.226671"/>
        <testcase name="testExecuteWithStartBrowserAction" file="/home/mariusz/mcp-php-server/tests/Unit/Tools/PlaywrightToolTest.php" line="90" class="Tests\Unit\Tools\PlaywrightToolTest" classname="Tests.Unit.Tools.PlaywrightToolTest" assertions="1" time="0.211647"/>
        <testcase name="testExecuteWithStartBrowserActionWithStorageState" file="/home/mariusz/mcp-php-server/tests/Unit/Tools/PlaywrightToolTest.php" line="97" class="Tests\Unit\Tools\PlaywrightToolTest" classname="Tests.Unit.Tools.PlaywrightToolTest" assertions="1" time="0.210901"/>
        <testcase name="testExecuteWithTakeScreenshotAction" file="/home/mariusz/mcp-php-server/tests/Unit/Tools/PlaywrightToolTest.php" line="292" class="Tests\Unit\Tools\PlaywrightToolTest" classname="Tests.Unit.Tools.PlaywrightToolTest" assertions="2" time="0.210942"/>
        <testcase name="testExecuteWithClickElementAction" file="/home/mariusz/mcp-php-server/tests/Unit/Tools/PlaywrightToolTest.php" line="263" class="Tests\Unit\Tools\PlaywrightToolTest" classname="Tests.Unit.Tools.PlaywrightToolTest" assertions="2" time="0.218037"/>
      </testsuite>
      <testsuite name="Tests\Unit\ValueObjects\DiskInfoTest" file="/home/mariusz/mcp-php-server/tests/Unit/ValueObjects/DiskInfoTest.php" tests="4" assertions="19" errors="0" failures="0" skipped="0" time="0.000330">
        <testcase name="testDiskInfoCreation" file="/home/mariusz/mcp-php-server/tests/Unit/ValueObjects/DiskInfoTest.php" line="10" class="Tests\Unit\ValueObjects\DiskInfoTest" classname="Tests.Unit.ValueObjects.DiskInfoTest" assertions="4" time="0.000102"/>
        <testcase name="testDiskInfoToArray" file="/home/mariusz/mcp-php-server/tests/Unit/ValueObjects/DiskInfoTest.php" line="30" class="Tests\Unit\ValueObjects\DiskInfoTest" classname="Tests.Unit.ValueObjects.DiskInfoTest" assertions="8" time="0.000112"/>
        <testcase name="testDiskInfoWithPartialUsage" file="/home/mariusz/mcp-php-server/tests/Unit/ValueObjects/DiskInfoTest.php" line="57" class="Tests\Unit\ValueObjects\DiskInfoTest" classname="Tests.Unit.ValueObjects.DiskInfoTest" assertions="4" time="0.000061"/>
        <testcase name="testDiskInfoWithZeroUsage" file="/home/mariusz/mcp-php-server/tests/Unit/ValueObjects/DiskInfoTest.php" line="74" class="Tests\Unit\ValueObjects\DiskInfoTest" classname="Tests.Unit.ValueObjects.DiskInfoTest" assertions="3" time="0.000055"/>
      </testsuite>
      <testsuite name="Tests\Unit\ValueObjects\MemoryInfoTest" file="/home/mariusz/mcp-php-server/tests/Unit/ValueObjects/MemoryInfoTest.php" tests="3" assertions="12" errors="0" failures="0" skipped="0" time="0.000200">
        <testcase name="testMemoryInfoCreation" file="/home/mariusz/mcp-php-server/tests/Unit/ValueObjects/MemoryInfoTest.php" line="10" class="Tests\Unit\ValueObjects\MemoryInfoTest" classname="Tests.Unit.ValueObjects.MemoryInfoTest" assertions="3" time="0.000068"/>
        <testcase name="testMemoryInfoToArray" file="/home/mariusz/mcp-php-server/tests/Unit/ValueObjects/MemoryInfoTest.php" line="27" class="Tests\Unit\ValueObjects\MemoryInfoTest" classname="Tests.Unit.ValueObjects.MemoryInfoTest" assertions="6" time="0.000081"/>
        <testcase name="testMemoryInfoWithDifferentFormats" file="/home/mariusz/mcp-php-server/tests/Unit/ValueObjects/MemoryInfoTest.php" line="50" class="Tests\Unit\ValueObjects\MemoryInfoTest" classname="Tests.Unit.ValueObjects.MemoryInfoTest" assertions="3" time="0.000050"/>
      </testsuite>
    </testsuite>
    <testsuite name="Integration" tests="38" assertions="152" errors="0" failures="0" skipped="0" time="6.976344">
      <testsuite name="Tests\Integration\HTTPAPITest" file="/home/mariusz/mcp-php-server/tests/Integration/HTTPAPITest.php" tests="21" assertions="86" errors="0" failures="0" skipped="0" time="0.706924">
        <testcase name="testToolsEndpointReturnsListOfTools" file="/home/mariusz/mcp-php-server/tests/Integration/HTTPAPITest.php" line="94" class="Tests\Integration\HTTPAPITest" classname="Tests.Integration.HTTPAPITest" assertions="10" time="0.020548"/>
        <testcase name="testRootEndpointReturnsServerInfo" file="/home/mariusz/mcp-php-server/tests/Integration/HTTPAPITest.php" line="81" class="Tests\Integration\HTTPAPITest" classname="Tests.Integration.HTTPAPITest" assertions="4" time="0.017707"/>
        <testcase name="testStatusEndpointReturnsServerStatus" file="/home/mariusz/mcp-php-server/tests/Integration/HTTPAPITest.php" line="115" class="Tests\Integration\HTTPAPITest" classname="Tests.Integration.HTTPAPITest" assertions="6" time="0.015276"/>
        <testcase name="testHelloToolViaAPI" file="/home/mariusz/mcp-php-server/tests/Integration/HTTPAPITest.php" line="130" class="Tests\Integration\HTTPAPITest" classname="Tests.Integration.HTTPAPITest" assertions="5" time="0.015540"/>
        <testcase name="testMetricsEndpointReturnsData" file="/home/mariusz/mcp-php-server/tests/Integration/HTTPAPITest.php" line="321" class="Tests\Integration\HTTPAPITest" classname="Tests.Integration.HTTPAPITest" assertions="3" time="0.015599"/>
        <testcase name="testGetTimeToolViaAPI" file="/home/mariusz/mcp-php-server/tests/Integration/HTTPAPITest.php" line="147" class="Tests\Integration\HTTPAPITest" classname="Tests.Integration.HTTPAPITest" assertions="3" time="0.028112"/>
        <testcase name="testSystemInfoToolViaAPI" file="/home/mariusz/mcp-php-server/tests/Integration/HTTPAPITest.php" line="232" class="Tests\Integration\HTTPAPITest" classname="Tests.Integration.HTTPAPITest" assertions="4" time="0.016765"/>
        <testcase name="testJsonParseToolViaAPI" file="/home/mariusz/mcp-php-server/tests/Integration/HTTPAPITest.php" line="245" class="Tests\Integration\HTTPAPITest" classname="Tests.Integration.HTTPAPITest" assertions="4" time="0.016773"/>
        <testcase name="testUnknownToolReturnsError" file="/home/mariusz/mcp-php-server/tests/Integration/HTTPAPITest.php" line="296" class="Tests\Integration\HTTPAPITest" classname="Tests.Integration.HTTPAPITest" assertions="4" time="0.016423"/>
        <testcase name="testFileSecurityPreventsPathTraversal" file="/home/mariusz/mcp-php-server/tests/Integration/HTTPAPITest.php" line="309" class="Tests\Integration\HTTPAPITest" classname="Tests.Integration.HTTPAPITest" assertions="3" time="0.016728"/>
        <testcase name="testCalculateToolViaAPI" file="/home/mariusz/mcp-php-server/tests/Integration/HTTPAPITest.php" line="162" class="Tests\Integration\HTTPAPITest" classname="Tests.Integration.HTTPAPITest" assertions="3" time="0.015831"/>
        <testcase name="testListFilesToolViaAPI" file="/home/mariusz/mcp-php-server/tests/Integration/HTTPAPITest.php" line="179" class="Tests\Integration\HTTPAPITest" classname="Tests.Integration.HTTPAPITest" assertions="5" time="0.015759"/>
        <testcase name="testLogsEndpointReturnsData" file="/home/mariusz/mcp-php-server/tests/Integration/HTTPAPITest.php" line="331" class="Tests\Integration\HTTPAPITest" classname="Tests.Integration.HTTPAPITest" assertions="4" time="0.015460"/>
        <testcase name="testReadWriteFileWorkflowViaAPI" file="/home/mariusz/mcp-php-server/tests/Integration/HTTPAPITest.php" line="193" class="Tests\Integration\HTTPAPITest" classname="Tests.Integration.HTTPAPITest" assertions="6" time="0.033756"/>
        <testcase name="testGetWeatherToolViaAPI" file="/home/mariusz/mcp-php-server/tests/Integration/HTTPAPITest.php" line="259" class="Tests\Integration\HTTPAPITest" classname="Tests.Integration.HTTPAPITest" assertions="4" time="0.159429"/>
        <testsuite name="Tests\Integration\HTTPAPITest::testToolParameterValidation" tests="4" assertions="12" errors="0" failures="0" skipped="0" time="0.067573">
          <testcase name="testToolParameterValidation with data set &quot;calculate missing operation&quot;" file="/home/mariusz/mcp-php-server/tests/Integration/HTTPAPITest.php" line="344" class="Tests\Integration\HTTPAPITest" classname="Tests.Integration.HTTPAPITest" assertions="3" time="0.016585"/>
          <testcase name="testToolParameterValidation with data set &quot;read file empty path&quot;" file="/home/mariusz/mcp-php-server/tests/Integration/HTTPAPITest.php" line="344" class="Tests\Integration\HTTPAPITest" classname="Tests.Integration.HTTPAPITest" assertions="3" time="0.017249"/>
          <testcase name="testToolParameterValidation with data set &quot;write file empty path&quot;" file="/home/mariusz/mcp-php-server/tests/Integration/HTTPAPITest.php" line="344" class="Tests\Integration\HTTPAPITest" classname="Tests.Integration.HTTPAPITest" assertions="3" time="0.017685"/>
          <testcase name="testToolParameterValidation with data set &quot;get weather empty city&quot;" file="/home/mariusz/mcp-php-server/tests/Integration/HTTPAPITest.php" line="344" class="Tests\Integration\HTTPAPITest" classname="Tests.Integration.HTTPAPITest" assertions="3" time="0.016054"/>
        </testsuite>
        <testcase name="testGitHubToolViaAPI" file="/home/mariusz/mcp-php-server/tests/Integration/HTTPAPITest.php" line="284" class="Tests\Integration\HTTPAPITest" classname="Tests.Integration.HTTPAPITest" assertions="3" time="0.015775"/>
        <testcase name="testPlaywrightToolViaAPI" file="/home/mariusz/mcp-php-server/tests/Integration/HTTPAPITest.php" line="272" class="Tests\Integration\HTTPAPITest" classname="Tests.Integration.HTTPAPITest" assertions="3" time="0.203869"/>
      </testsuite>
      <testsuite name="Tests\Integration\PlaywrightToolIntegrationTest" file="/home/mariusz/mcp-php-server/tests/Integration/PlaywrightToolIntegrationTest.php" tests="17" assertions="66" errors="0" failures="0" skipped="0" time="6.269420">
        <testcase name="testRealPlaywrightInstallationCheck" file="/home/mariusz/mcp-php-server/tests/Integration/PlaywrightToolIntegrationTest.php" line="29" class="Tests\Integration\PlaywrightToolIntegrationTest" classname="Tests.Integration.PlaywrightToolIntegrationTest" assertions="3" time="0.193903"/>
        <testcase name="testRealPlaywrightInfo" file="/home/mariusz/mcp-php-server/tests/Integration/PlaywrightToolIntegrationTest.php" line="17" class="Tests\Integration\PlaywrightToolIntegrationTest" classname="Tests.Integration.PlaywrightToolIntegrationTest" assertions="6" time="0.194789"/>
        <testcase name="testErrorHandlingWithInvalidUrl" file="/home/mariusz/mcp-php-server/tests/Integration/PlaywrightToolIntegrationTest.php" line="192" class="Tests\Integration\PlaywrightToolIntegrationTest" classname="Tests.Integration.PlaywrightToolIntegrationTest" assertions="3" time="0.241819"/>
        <testcase name="testRealBrowserLaunch" file="/home/mariusz/mcp-php-server/tests/Integration/PlaywrightToolIntegrationTest.php" line="41" class="Tests\Integration\PlaywrightToolIntegrationTest" classname="Tests.Integration.PlaywrightToolIntegrationTest" assertions="1" time="0.260562"/>
        <testcase name="testRealScreenshotTaking" file="/home/mariusz/mcp-php-server/tests/Integration/PlaywrightToolIntegrationTest.php" line="154" class="Tests\Integration\PlaywrightToolIntegrationTest" classname="Tests.Integration.PlaywrightToolIntegrationTest" assertions="3" time="0.230104"/>
        <testcase name="testErrorHandlingWithComplexSelector" file="/home/mariusz/mcp-php-server/tests/Integration/PlaywrightToolIntegrationTest.php" line="211" class="Tests\Integration\PlaywrightToolIntegrationTest" classname="Tests.Integration.PlaywrightToolIntegrationTest" assertions="3" time="0.237910"/>
        <testcase name="testRealPageContentExtractionWithScreenshot" file="/home/mariusz/mcp-php-server/tests/Integration/PlaywrightToolIntegrationTest.php" line="73" class="Tests\Integration\PlaywrightToolIntegrationTest" classname="Tests.Integration.PlaywrightToolIntegrationTest" assertions="3" time="0.220007"/>
        <testcase name="testRealTextTyping" file="/home/mariusz/mcp-php-server/tests/Integration/PlaywrightToolIntegrationTest.php" line="133" class="Tests\Integration\PlaywrightToolIntegrationTest" classname="Tests.Integration.PlaywrightToolIntegrationTest" assertions="3" time="0.222488"/>
        <testcase name="testRealElementClicking" file="/home/mariusz/mcp-php-server/tests/Integration/PlaywrightToolIntegrationTest.php" line="113" class="Tests\Integration\PlaywrightToolIntegrationTest" classname="Tests.Integration.PlaywrightToolIntegrationTest" assertions="3" time="0.215794"/>
        <testcase name="testRealPageContentExtraction" file="/home/mariusz/mcp-php-server/tests/Integration/PlaywrightToolIntegrationTest.php" line="53" class="Tests\Integration\PlaywrightToolIntegrationTest" classname="Tests.Integration.PlaywrightToolIntegrationTest" assertions="3" time="0.214480"/>
        <testcase name="testRealElementFinding" file="/home/mariusz/mcp-php-server/tests/Integration/PlaywrightToolIntegrationTest.php" line="93" class="Tests\Integration\PlaywrightToolIntegrationTest" classname="Tests.Integration.PlaywrightToolIntegrationTest" assertions="3" time="0.225541"/>
        <testcase name="testRealNavigation" file="/home/mariusz/mcp-php-server/tests/Integration/PlaywrightToolIntegrationTest.php" line="173" class="Tests\Integration\PlaywrightToolIntegrationTest" classname="Tests.Integration.PlaywrightToolIntegrationTest" assertions="3" time="0.218019"/>
        <testcase name="testStorageStateParameter" file="/home/mariusz/mcp-php-server/tests/Integration/PlaywrightToolIntegrationTest.php" line="247" class="Tests\Integration\PlaywrightToolIntegrationTest" classname="Tests.Integration.PlaywrightToolIntegrationTest" assertions="3" time="0.209603"/>
        <testcase name="testWaitParameterVariations" file="/home/mariusz/mcp-php-server/tests/Integration/PlaywrightToolIntegrationTest.php" line="265" class="Tests\Integration\PlaywrightToolIntegrationTest" classname="Tests.Integration.PlaywrightToolIntegrationTest" assertions="4" time="0.444247"/>
        <testcase name="testMultipleActionsInSequence" file="/home/mariusz/mcp-php-server/tests/Integration/PlaywrightToolIntegrationTest.php" line="231" class="Tests\Integration\PlaywrightToolIntegrationTest" classname="Tests.Integration.PlaywrightToolIntegrationTest" assertions="4" time="0.645629"/>
        <testcase name="testDifferentUrls" file="/home/mariusz/mcp-php-server/tests/Integration/PlaywrightToolIntegrationTest.php" line="312" class="Tests\Integration\PlaywrightToolIntegrationTest" classname="Tests.Integration.PlaywrightToolIntegrationTest" assertions="6" time="0.668017"/>
        <testcase name="testComplexSelectors" file="/home/mariusz/mcp-php-server/tests/Integration/PlaywrightToolIntegrationTest.php" line="288" class="Tests\Integration\PlaywrightToolIntegrationTest" classname="Tests.Integration.PlaywrightToolIntegrationTest" assertions="12" time="1.626508"/>
      </testsuite>
    </testsuite>
  </testsuite>
</testsuites>
